[04:05:59] [main/INFO]: Setting user: Player781
[04:06:12] [Client thread/INFO]: LWJGL Version: 2.9.0
[04:07:43] [Client thread/INFO]: Reloading ResourceManager: Default, FMLFileResourcePack:Forge Mod Loader, FMLFileResourcePack:Minecraft Forge, FMLFileResourcePack:RealAuto 2
[04:07:53] [Sound Library Loader/INFO]: Sound engine started
[04:08:06] [Client thread/ERROR]: Using missing texture, unable to load minecraft:textures/blocks/MISSING_ICON_BLOCK_165_blockWindmill.png
java.io.FileNotFoundException: minecraft:textures/blocks/MISSING_ICON_BLOCK_165_blockWindmill.png
	at net.minecraft.client.resources.FallbackResourceManager.getResource(FallbackResourceManager.java:65) ~[FallbackResourceManager.class:?]
	at net.minecraft.client.resources.SimpleReloadableResourceManager.getResource(SimpleReloadableResourceManager.java:67) ~[SimpleReloadableResourceManager.class:?]
	at net.minecraft.client.renderer.texture.TextureMap.loadTextureAtlas(TextureMap.java:126) [TextureMap.class:?]
	at net.minecraft.client.renderer.texture.TextureMap.loadTexture(TextureMap.java:91) [TextureMap.class:?]
	at net.minecraft.client.renderer.texture.TextureManager.loadTexture(TextureManager.java:89) [TextureManager.class:?]
	at net.minecraft.client.renderer.texture.TextureManager.loadTickableTexture(TextureManager.java:71) [TextureManager.class:?]
	at net.minecraft.client.renderer.texture.TextureManager.loadTextureMap(TextureManager.java:58) [TextureManager.class:?]
	at net.minecraft.client.Minecraft.startGame(Minecraft.java:569) [Minecraft.class:?]
	at net.minecraft.client.Minecraft.run(Minecraft.java:880) [Minecraft.class:?]
	at net.minecraft.client.main.Main.main(Main.java:112) [Main.class:?]
	at sun.reflect.NativeMethodAccessorImpl.invoke0(Native Method) ~[?:1.7.0_79]
	at sun.reflect.NativeMethodAccessorImpl.invoke(NativeMethodAccessorImpl.java:57) ~[?:1.7.0_79]
	at sun.reflect.DelegatingMethodAccessorImpl.invoke(DelegatingMethodAccessorImpl.java:43) ~[?:1.7.0_79]
	at java.lang.reflect.Method.invoke(Method.java:606) ~[?:1.7.0_79]
	at net.minecraft.launchwrapper.Launch.launch(Launch.java:134) [launchwrapper-1.9.jar:?]
	at net.minecraft.launchwrapper.Launch.main(Launch.java:28) [launchwrapper-1.9.jar:?]
	at net.minecraftforge.gradle.GradleStartCommon.launch(Unknown Source) [start/:?]
	at GradleStart.main(Unknown Source) [start/:?]
[04:08:08] [Client thread/INFO]: Created: 512x256 textures/blocks-atlas
[04:08:09] [Client thread/INFO]: Created: 256x256 textures/items-atlas
[04:08:10] [Client thread/INFO]: Reloading ResourceManager: Default, FMLFileResourcePack:Forge Mod Loader, FMLFileResourcePack:Minecraft Forge, FMLFileResourcePack:RealAuto 2
[04:08:10] [Client thread/INFO]: Created: 256x256 textures/items-atlas
[04:08:10] [Client thread/ERROR]: Using missing texture, unable to load minecraft:textures/blocks/MISSING_ICON_BLOCK_165_blockWindmill.png
java.io.FileNotFoundException: minecraft:textures/blocks/MISSING_ICON_BLOCK_165_blockWindmill.png
	at net.minecraft.client.resources.FallbackResourceManager.getResource(FallbackResourceManager.java:65) ~[FallbackResourceManager.class:?]
	at net.minecraft.client.resources.SimpleReloadableResourceManager.getResource(SimpleReloadableResourceManager.java:67) ~[SimpleReloadableResourceManager.class:?]
	at net.minecraft.client.renderer.texture.TextureMap.loadTextureAtlas(TextureMap.java:126) [TextureMap.class:?]
	at net.minecraft.client.renderer.texture.TextureMap.loadTexture(TextureMap.java:91) [TextureMap.class:?]
	at net.minecraft.client.renderer.texture.TextureManager.loadTexture(TextureManager.java:89) [TextureManager.class:?]
	at net.minecraft.client.renderer.texture.TextureManager.onResourceManagerReload(TextureManager.java:170) [TextureManager.class:?]
	at net.minecraft.client.resources.SimpleReloadableResourceManager.notifyReloadListeners(SimpleReloadableResourceManager.java:134) [SimpleReloadableResourceManager.class:?]
	at net.minecraft.client.resources.SimpleReloadableResourceManager.reloadResources(SimpleReloadableResourceManager.java:118) [SimpleReloadableResourceManager.class:?]
	at net.minecraft.client.Minecraft.refreshResources(Minecraft.java:614) [Minecraft.class:?]
	at cpw.mods.fml.client.FMLClientHandler.finishMinecraftLoading(FMLClientHandler.java:303) [FMLClientHandler.class:?]
	at net.minecraft.client.Minecraft.startGame(Minecraft.java:573) [Minecraft.class:?]
	at net.minecraft.client.Minecraft.run(Minecraft.java:880) [Minecraft.class:?]
	at net.minecraft.client.main.Main.main(Main.java:112) [Main.class:?]
	at sun.reflect.NativeMethodAccessorImpl.invoke0(Native Method) ~[?:1.7.0_79]
	at sun.reflect.NativeMethodAccessorImpl.invoke(NativeMethodAccessorImpl.java:57) ~[?:1.7.0_79]
	at sun.reflect.DelegatingMethodAccessorImpl.invoke(DelegatingMethodAccessorImpl.java:43) ~[?:1.7.0_79]
	at java.lang.reflect.Method.invoke(Method.java:606) ~[?:1.7.0_79]
	at net.minecraft.launchwrapper.Launch.launch(Launch.java:134) [launchwrapper-1.9.jar:?]
	at net.minecraft.launchwrapper.Launch.main(Launch.java:28) [launchwrapper-1.9.jar:?]
	at net.minecraftforge.gradle.GradleStartCommon.launch(Unknown Source) [start/:?]
	at GradleStart.main(Unknown Source) [start/:?]
[04:08:11] [Client thread/INFO]: Created: 512x256 textures/blocks-atlas
[04:08:12] [Sound Library Loader/INFO]: Sound engine started
[04:08:46] [MCO Availability Checker #1/ERROR]: Couldn't connect to Realms
[04:08:50] [Server thread/INFO]: Starting integrated minecraft server version 1.7.2
[04:08:50] [Server thread/INFO]: Generating keypair
[04:08:55] [Server thread/INFO]: Preparing start region for level 0
[04:08:56] [Server thread/INFO]: Preparing spawn area: 17%
[04:08:58] [Server thread/INFO]: Preparing spawn area: 40%
[04:09:01] [Server thread/WARN]: Can't keep up! Did the system time change, or is the server overloaded? Running 2640ms behind, skipping 52 tick(s)
[04:09:29] [Server thread/INFO]: Stopping server
[04:09:42] [Server thread/INFO]: Saving players
[04:09:42] [Server thread/INFO]: Saving worlds
[04:09:42] [Server thread/INFO]: Saving chunks for level 'Items & Blocks Test World'/Overworld
[04:09:42] [Server thread/INFO]: Saving chunks for level 'Items & Blocks Test World'/Nether
[04:09:42] [Server thread/INFO]: Saving chunks for level 'Items & Blocks Test World'/The End
[04:09:44] [Server thread/INFO]: Starting integrated minecraft server version 1.7.2
[04:09:44] [Server thread/INFO]: Generating keypair
[04:09:45] [Server thread/INFO]: Stopping server
[04:09:45] [Server thread/INFO]: Saving players
[04:09:45] [Server thread/INFO]: Saving worlds
[09:12:39] [Server thread/INFO]: Starting integrated minecraft server version 1.7.2
[09:12:39] [Server thread/INFO]: Generating keypair
[09:12:40] [Server thread/INFO]: Preparing start region for level 0
[09:12:41] [Server thread/INFO]: Preparing spawn area: 38%
[09:12:44] [Server thread/INFO]: Player781[local:E:9677ce64] logged in with entity id 301 at (554.5, 4.0, -2027.5)
[09:12:44] [Server thread/INFO]: Player781 joined the game
[09:12:49] [Server thread/WARN]: Can't keep up! Did the system time change, or is the server overloaded? Running 4946ms behind, skipping 98 tick(s)
[09:13:18] [Server thread/INFO]: Player781 has just earned the achievement [Taking Inventory]
[09:13:20] [Client thread/INFO]: [CHAT] Player781 has just earned the achievement [Taking Inventory]
[09:14:40] [Server thread/INFO]: Saving and pausing game...
[09:14:40] [Server thread/INFO]: Saving chunks for level 'Items & Blocks Test World'/Overworld
[09:14:41] [Server thread/INFO]: Saving chunks for level 'Items & Blocks Test World'/Nether
[09:14:41] [Server thread/INFO]: Saving chunks for level 'Items & Blocks Test World'/The End
[09:24:49] [Server thread/WARN]: Can't keep up! Did the system time change, or is the server overloaded? Running 28800ms behind, skipping 576 tick(s)
[09:29:17] [Client thread/INFO]: Stopping!
[09:29:24] [Server thread/INFO]: Stopping server
[09:29:28] [Server thread/INFO]: Saving players
[09:29:40] [Server thread/INFO]: Saving worlds
[09:29:40] [Server thread/INFO]: Saving chunks for level 'Items & Blocks Test World'/Overworld
[09:29:46] [Server thread/INFO]: Saving chunks for level 'Items & Blocks Test World'/Nether
[09:29:46] [Server thread/INFO]: Saving chunks for level 'Items & Blocks Test World'/The End
[10:06:08] [main/INFO]: Setting user: Player763
[10:06:15] [Client thread/INFO]: LWJGL Version: 2.9.0
[10:07:02] [Client thread/INFO]: Reloading ResourceManager: Default, FMLFileResourcePack:Forge Mod Loader, FMLFileResourcePack:Minecraft Forge, FMLFileResourcePack:RealAuto 2
[10:07:11] [Sound Library Loader/INFO]: Sound eng[10:07:11] [S[10:07:24] [Client thread/ERROR]: Using missing texture, unable to load minecraft:textures/blocks/MISSING_ICON_BLOCK_165_blockWindmill.png
java.io.FileNotFoundException: minecraft:textures/blocks/MISSING_ICON_BLOCK_165_blockWindmill.png
	at net.minecraft.client.resources.FallbackResourceManager.getResource(FallbackResourceManager.java:65) ~[FallbackResourceManager.class:?]
	at net.minecraft.client.resources.SimpleReloadableResourceManager.getResource(SimpleReloadableResourceManager.java:67) ~[SimpleReloadableResourceManager.class:?]
	at net.minecraft.client.renderer.texture.TextureMap.loadTextureAtlas(TextureMap.java:126) [TextureMap.class:?]
	at net.minecraft.client.renderer.texture.TextureMap.loadTexture(TextureMap.java:91) [TextureMap.class:?]
	at net.minecraft.client.renderer.texture.TextureManager.loadTexture(TextureManager.java:89) [TextureManager.class:?]
	at net.minecraft.client.renderer.texture.TextureManager.loadTickableTexture(TextureManager.java:71) [TextureManager.class:?]
	at net.minecraft.client.renderer.texture.TextureManager.loadTextureMap(TextureManager.java:58) [TextureManager.class:?]
	at net.minecraft.client.Minecraft.startGame(Minecraft.java:569) [Minecraft.class:?]
	at net.minecraft.client.Minecraft.run(Minecraft.java:880) [Minecraft.class:?]
	at net.minecraft.client.main.Main.main(Main.java:112) [Main.class:?]
	at sun.reflect.NativeMethodAccessorImpl.invoke0(Native Method) ~[?:1.7.0_79]
	at sun.reflect.NativeMethodAccessorImpl.invoke(NativeMethodAccessorImpl.java:57) ~[?:1.7.0_79]
	at sun.reflect.DelegatingMethodAccessorImpl.invoke(DelegatingMethodAccessorImpl.java:43) ~[?:1.7.0_79]
	at java.lang.reflect.Method.invoke(Method.java:606) ~[?:1.7.0_79]
	at net.minecraft.launchwrapper.Launch.launch(Launch.java:134) [launchwrapper-1.9.jar:?]
	at net.minecraft.launchwrapper.Launch.main(Launch.java:28) [launchwrapper-1.9.jar:?]
	at net.minecraftforge.gradle.GradleStartCommon.launch(Unknown Source) [start/:?]
	at GradleStart.main(Unknown Source) [start/:?]
[10:07:26] [Client thread/INFO]: Created: 512x256 textures/blocks-atlas
[10:07:27] [Client thread/INFO]: Created: 256x256 textures/items-atlas
[10:07:27] [Client thread/INFO]: Reloading Resour[10:07:27] [Client thread/INFO]: Reloading ResourceManager: Default, FMLFileResourcePack:Forge Mod Loader, FMLFileResourcePack:[10:07:28] [Client thread/INFO]: Created: 256x256[10:07:28] [Client thre[10:07:28] [Client thread/ERROR]: Using missing t[10:07:28] [Client thread/ERROR]: Using missing texture, unable to load minecraft:textures/blocks/MISSING_ICON_BLOCK_165_blockWindmill.png
java.io.FileNotFoundException: minecraft:textures/blocks/MISSING_ICON_BLOCK_165_blockWindmill.png
	at net.minecraft.client.resources.FallbackResourceManager.getResource(FallbackResourceManager.java:65) ~[FallbackResourceManager.class:?]
	at net.minecraft.client.resources.SimpleReloadableResourceManager.getResource(SimpleReloadableResourceManager.java:67) ~[SimpleReloadableResourceManager.class:?]
	at net.minecraft.client.renderer.texture.TextureMap.loadTextureAtlas(TextureMap.java:126) [TextureMap.class:?]
	at net.minecraft.client.renderer.texture.TextureMap.loadTexture(TextureMap.java:91) [TextureMap.class:?]
	at net.minecraft.client.renderer.texture.TextureManager.loadTexture(TextureManager.java:89) [TextureManager.class:?]
	at net.minecraft.client.renderer.texture.TextureManager.onResourceManagerReload(TextureManager.java:170) [TextureManager.class:?]
	at net.minecraft.client.resources.SimpleReloadableResourceManager.notifyReloadListeners(SimpleReloadableResourceManager.java:134) [SimpleReloadableResourceManager.class:?]
	at net.minecraft.client.resources.SimpleReloadableResourceManager.reloadResources(SimpleReloadableResourceManager.java:118) [SimpleReloadableResourceManager.class:?]
	at net.minecraft.client.Minecraft.refreshResources(Minecraft.java:614) [Minecraft.class:?]
	at cpw.mods.fml.client.FMLClientHandler.finishMinecraftLoading(FMLClientHandler.java:303) [FMLClientHandler.class:?]
	at net.minecraft.client.Minecraft.startGame(Minecraft.java:573) [Minecraft.class:?]
	at net.minecraft.client.Minecraft.run(Minecraft.java:880) [Minecraft.class:?]
	at net.minecraft.client.main.Main.main(Main.java:112) [Main.class:?]
	at sun.reflect.NativeMethodAccessorImpl.invoke0(Native Method) ~[?:1.7.0_79]
	at sun.reflect.NativeMethodAccessorImpl.invoke(NativeMethodAccessorImpl.java:57) ~[?:1.7.0_79]
	at sun.reflect.DelegatingMethodAccessorImpl.invoke(DelegatingMethodAccessorImpl.java:43) ~[?:1.7.0_79]
	at java.lang.reflect.Method.invoke(Method.java:606) ~[?:1.7.0_79]
	at net.minecraft.launchwrapper.Launch.launch(Launch.java:134) [launchwrapper-1.9.jar:?]
	at net.minecraft.launchwrapper.Launch.main(Launch.java:28) [launchwrapper-1.9.jar:?]
	at net.minecraftforge.gradle.GradleStartCommon.launch(Unknown Source) [start/:?][10:07:29] [Client thread/INFO]: Created: 512x256[10:07:29] [Client threa[10:07:29] [Sound Library Loader/INFO]: Sound eng[10:07:30] [S[10:07:39] [MCO Availability Checker #1/ERROR]: C[10:07:39] [MCO Availabilit[10:29:06] [Client thread/INFO]: Stopping!
lms
[10:29:14] [Server thread/INFO]: Starting integrated minecraft server version 1.7.2
[10:29:14] [Server thread/INFO]: Generating keypair
[10:29:17] [Server thread/INFO]: Preparing start region for level 0
[10:29:18] [Server thread/INFO]: Preparing spawn area: 17%
[10:29:19] [Server thread/INFO]: Preparing spawn area: 84%
[10:29:22] [Server thread/INFO]: Player763[local:E:1830f3ae] logged in with entity id 150 at (554.5731055959786, 4.300000011920929, -2020.5095543498423)
[10:29:22] [Server thread/INFO]: Player763 joined the game
[10:29:25] [Server thread/WARN]: Can't keep up! Did the system time change, or is the server overloaded? Running 3138ms behind, skipping 62 tick(s)
[10:29:35] [Server thread/ERROR]: Encountered an unexpected exception
net.minecraft.util.ReportedException: Exception ticking world
	at net.minecraft.server.MinecraftServer.updateTimeLightAndEntities(MinecraftServer.java:682) ~[MinecraftServer.class:?]
	at net.minecraft.server.MinecraftServer.tick(MinecraftServer.java:598) ~[MinecraftServer.class:?]
	at net.minecraft.server.integrated.IntegratedServer.tick(IntegratedServer.java:118) ~[IntegratedServer.class:?]
	at net.minecraft.server.MinecraftServer.run(MinecraftServer.java:472) [MinecraftServer.class:?]
	at net.minecraft.server.MinecraftServer$2.run(MinecraftServer.java:736) [MinecraftServer$2.class:?]
Caused by: java.lang.NoClassDefFoundError: net/minecraft/world/World$2
	at net.minecraft.world.World.notifyBlockOfNeighborChange(World.java:782) ~[World.class:?]
	at net.minecraft.world.World.notifyBlocksOfNeighborChange(World.java:716) ~[World.class:?]
	at net.minecraft.world.World.notifyBlockChange(World.java:675) ~[World.class:?]
	at net.minecraft.world.World.setBlock(World.java:525) ~[World.class:?]
	at net.minecraft.world.World.setBlock(World.java:659) ~[World.class:?]
	at net.minecraft.block.BlockGrass.updateTick(BlockGrass.java:54) ~[BlockGrass.class:?]
	at net.minecraft.world.WorldServer.func_147456_g(WorldServer.java:419) ~[WorldServer.class:?]
	at net.minecraft.world.WorldServer.tick(WorldServer.java:190) ~[WorldServer.class:?]
	at net.minecraft.server.MinecraftServer.updateTimeLightAndEntities(MinecraftServer.java:676) ~[MinecraftServer.class:?]
	... 4 more
[10:29:35] [Server thread/ERROR]: This crash report has been saved to: D:\McProjects\1.7\RealAuto2\eclipse\.\crash-reports\crash-2015-06-21_10.29.35-server.txt
[10:29:35] [Server thread/INFO]: Stopping server
[10:29:35] [Server thread/INFO]: Saving players
[10:29:35] [Server thread/INFO]: Saving worlds
[10:29:35] [Server thread/INFO]: Saving chunks for level 'Items & Blocks Test World'/Overworld
[10:29:35] [Server thread/INFO]: Saving chunks for level 'Items & Blocks Test World'/Nether
[10:29:35] [Server thread/INFO]: Saving chunks for level 'Items & Blocks Test World'/The End
[10:30:46] [main/INFO]: Setting user: Player875
[10:30:50] [Client thread/INFO]: LWJGL Version: 2.9.0
[10:31:09] [Client thread/INFO]: Reloading ResourceManager: Default, FMLFileResourcePack:Forge Mod Loader, FMLFileResourcePack:Minecraft Forge, FMLFileResourcePack:RealAuto 2
[10:31:12] [Client thread/ERROR]: Using missing texture, unable to load minecraft:textures/blocks/MISSING_ICON_BLOCK_165_blockWindmill.png
java.io.FileNotFoundException: minecraft:textures/blocks/MISSING_ICON_BLOCK_165_blockWindmill.png
	at net.minecraft.client.resources.FallbackResourceManager.getResource(FallbackResourceManager.java:65) ~[FallbackResourceManager.class:?]
	at net.minecraft.client.resources.SimpleReloadableResourceManager.getResource(SimpleReloadableResourceManager.java:67) ~[SimpleReloadableResourceManager.class:?]
	at net.minecraft.client.renderer.texture.TextureMap.loadTextureAtlas(TextureMap.java:126) [TextureMap.class:?]
	at net.minecraft.client.renderer.texture.TextureMap.loadTexture(TextureMap.java:91) [TextureMap.class:?]
	at net.minecraft.client.renderer.texture.TextureManager.loadTexture(TextureManager.java:89) [TextureManager.class:?]
	at net.minecraft.client.renderer.texture.TextureManager.loadTickableTexture(TextureManager.java:71) [TextureManager.class:?]
	at net.minecraft.client.renderer.texture.TextureManager.loadTextureMap(TextureManager.java:58) [TextureManager.class:?]
	at net.minecraft.client.Minecraft.startGame(Minecraft.java:569) [Minecraft.class:?]
	at net.minecraft.client.Minecraft.run(Minecraft.java:880) [Minecraft.class:?]
	at net.minecraft.client.main.Main.main(Main.java:112) [Main.class:?]
	at sun.reflect.NativeMethodAccessorImpl.invoke0(Native Method) ~[?:1.7.0_79]
	at sun.reflect.NativeMethodAccessorImpl.invoke(NativeMethodAccessorImpl.java:57) ~[?:1.7.0_79]
	at sun.reflect.DelegatingMethodAccessorImpl.invoke(DelegatingMethodAccessorImpl.java:43) ~[?:1.7.0_79]
	at java.lang.reflect.Method.invoke(Method.java:606) ~[?:1.7.0_79]
	at net.minecraft.launchwrapper.Launch.launch(Launch.java:134) [launchwrapper-1.9.jar:?]
	at net.minecraft.launchwrapper.Launch.main(Launch.java:28) [launchwrapper-1.9.jar:?]
	at net.minecraftforge.gradle.GradleStartCommon.launch(Unknown Source) [start/:?]
	at GradleStart.main(Unknown Source) [start/:?]
[10:31:13] [Client thread/INFO]: Created: 512x256 textures/blocks-atlas
[10:31:13] [Client thread/INFO]: Created: 256x256 textures/items-atlas
[10:31:14] [Client thread/INFO]: Reloading ResourceManager: Default, FMLFileResourcePack:Forge Mod Loader, FMLFileResourcePack:Minecraft Forge, FMLFileResourcePack:RealAuto 2
[10:31:14] [Client thread/INFO]: Created: 256x256 textures/items-atlas
[10:31:14] [Client thread/ERROR]: Using missing texture, unable to load minecraft:textures/blocks/MISSING_ICON_BLOCK_165_blockWindmill.png
java.io.FileNotFoundException: minecraft:textures/blocks/MISSING_ICON_BLOCK_165_blockWindmill.png
	at net.minecraft.client.resources.FallbackResourceManager.getResource(FallbackResourceManager.java:65) ~[FallbackResourceManager.class:?]
	at net.minecraft.client.resources.SimpleReloadableResourceManager.getResource(SimpleReloadableResourceManager.java:67) ~[SimpleReloadableResourceManager.class:?]
	at net.minecraft.client.renderer.texture.TextureMap.loadTextureAtlas(TextureMap.java:126) [TextureMap.class:?]
	at net.minecraft.client.renderer.texture.TextureMap.loadTexture(TextureMap.java:91) [TextureMap.class:?]
	at net.minecraft.client.renderer.texture.TextureManager.loadTexture(TextureManager.java:89) [TextureManager.class:?]
	at net.minecraft.client.renderer.texture.TextureManager.onResourceManagerReload(TextureManager.java:170) [TextureManager.class:?]
	at net.minecraft.client.resources.SimpleReloadableResourceManager.notifyReloadListeners(SimpleReloadableResourceManager.java:134) [SimpleReloadableResourceManager.class:?]
	at net.minecraft.client.resources.SimpleReloadableResourceManager.reloadResources(SimpleReloadableResourceManager.java:118) [SimpleReloadableResourceManager.class:?]
	at net.minecraft.client.Minecraft.refreshResources(Minecraft.java:614) [Minecraft.class:?]
	at cpw.mods.fml.client.FMLClientHandler.finishMinecraftLoading(FMLClientHandler.java:303) [FMLClientHandler.class:?]
	at net.minecraft.client.Minecraft.startGame(Minecraft.java:573) [Minecraft.class:?]
	at net.minecraft.client.Minecraft.run(Minecraft.java:880) [Minecraft.class:?]
	at net.minecraft.client.main.Main.main(Main.java:112) [Main.class:?]
	at sun.reflect.NativeMethodAccessorImpl.invoke0(Native Method) ~[?:1.7.0_79]
	at sun.reflect.NativeMethodAccessorImpl.invoke(NativeMethodAccessorImpl.java:57) ~[?:1.7.0_79]
	at sun.reflect.DelegatingMethodAccessorImpl.invoke(DelegatingMethodAccessorImpl.java:43) ~[?:1.7.0_79]
	at java.lang.reflect.Method.invoke(Method.java:606) ~[?:1.7.0_79]
	at net.minecraft.launchwrapper.Launch.launch(Launch.java:134) [launchwrapper-1.9.jar:?]
	at net.minecraft.launchwrapper.Launch.main(Launch.java:28) [launchwrapper-1.9.jar:?]
	at net.minecraftforge.gradle.GradleStartCommon.launch(Unknown Source) [start/:?]
	at GradleStart.main(Unknown Source) [start/:?]
[10:31:14] [Client thread/INFO]: Created: 512x256 textures/blocks-atlas
[10:31:18] [MCO Availability Checker #1/ERROR]: Couldn't connect to Realms
[10:31:39] [Server thread/INFO]: Starting integrated minecraft server version 1.7.2
[10:31:39] [Server thread/INFO]: Generating keypair
[10:31:40] [Server thread/INFO]: Preparing start region for level 0
[10:31:41] [Server thread/INFO]: Preparing spawn area: 54%
[10:31:43] [Server thread/INFO]: Player875[local:E:d86302fb] logged in with entity id 150 at (554.5731055959786, 4.300000011920929, -2020.5095543498423)
[10:31:43] [Server thread/INFO]: Player875 joined the game
[10:31:47] [Server thread/WARN]: Can't keep up! Did the system time change, or is the server overloaded? Running 3539ms behind, skipping 70 tick(s)
[10:31:52] [Sound Library Loader/INFO]: Sound engine started
[10:31:52] [Sound Library Loader/INFO]: Sound engine started
[10:32:07] [Server thread/ERROR]: Encountered an unexpected exception
java.lang.NoClassDefFoundError: net/minecraft/world/World$2
	at net.minecraft.world.World.notifyBlockOfNeighborChange(World.java:782) ~[World.class:?]
	at net.minecraft.world.World.notifyBlocksOfNeighborChange(World.java:718) ~[World.class:?]
	at net.minecraft.world.World.notifyBlockChange(World.java:675) ~[World.class:?]
	at net.minecraft.world.World.setBlock(World.java:525) ~[World.class:?]
	at net.minecraft.item.ItemBlock.placeBlockAt(ItemBlock.java:232) ~[ItemBlock.class:?]
	at net.minecraft.item.ItemBlock.onItemUse(ItemBlock.java:116) ~[ItemBlock.class:?]
	at net.minecraft.item.ItemStack.tryPlaceItemIntoWorld(ItemStack.java:140) ~[ItemStack.class:?]
	at net.minecraft.server.management.ItemInWorldManager.activateBlockOrUseItem(ItemInWorldManager.java:418) ~[ItemInWorldManager.class:?]
	at net.minecraft.network.NetHandlerPlayServer.processPlayerBlockPlacement(NetHandlerPlayServer.java:588) ~[NetHandlerPlayServer.class:?]
	at net.minecraft.network.play.client.C08PacketPlayerBlockPlacement.processPacket(C08PacketPlayerBlockPlacement.java:74) ~[C08PacketPlayerBlockPlacement.class:?]
	at net.minecraft.network.play.client.C08PacketPlayerBlockPlacement.processPacket(C08PacketPlayerBlockPlacement.java:122) ~[C08PacketPlayerBlockPlacement.class:?]
	at net.minecraft.network.NetworkManager.processReceivedPackets(NetworkManager.java:226) ~[NetworkManager.class:?]
	at net.minecraft.network.NetworkSystem.networkTick(NetworkSystem.java:182) ~[NetworkSystem.class:?]
	at net.minecraft.server.MinecraftServer.updateTimeLightAndEntities(MinecraftServer.java:710) ~[MinecraftServer.class:?]
	at net.minecraft.server.MinecraftServer.tick(MinecraftServer.java:598) ~[MinecraftServer.class:?]
	at net.minecraft.server.integrated.IntegratedServer.tick(IntegratedServer.java:118) ~[IntegratedServer.class:?]
	at net.minecraft.server.MinecraftServer.run(MinecraftServer.java:472) [MinecraftServer.class:?]
	at net.minecraft.server.MinecraftServer$2.run(MinecraftServer.java:736) [MinecraftServer$2.class:?]
[10:32:07] [Server thread/ERROR]: This crash report has been saved to: D:\McProjects\1.7\RealAuto2\eclipse\.\crash-reports\crash-2015-06-21_10.32.07-server.txt
[10:32:07] [Server thread/INFO]: Stopping server
[10:32:07] [Server thread/INFO]: Saving players
[10:32:07] [Server thread/INFO]: Saving worlds
[10:32:07] [Server thread/INFO]: Saving chunks for level 'Items & Blocks Test World'/Overworld
[10:32:07] [Server thread/INFO]: Saving chunks for level 'Items & Blocks Test World'/Nether
[10:32:07] [Server thread/INFO]: Saving chunks for level 'Items & Blocks Test World'/The End
[16:53:36] [main/INFO]: Setting user: Player437
[16:53:52] [Client thread/INFO]: LWJGL Version: 2.9.0
[16:55:45] [Client thread/INFO]: Reloading ResourceManager: Default, FMLFileResourcePack:Forge Mod Loader, FMLFileResourcePack:Minecraft Forge, FMLFileResourcePack:RealAuto 2
[16:55:52] [Sound Library Loader/INFO]: Sound engine started
[16:56:14] [Client thread/ERROR]: Using missing texture, unable to load minecraft:textures/blocks/MISSING_ICON_BLOCK_165_blockWindmill.png
java.io.FileNotFoundException: minecraft:textures/blocks/MISSING_ICON_BLOCK_165_blockWindmill.png
	at net.minecraft.client.resources.FallbackResourceManager.getResource(FallbackResourceManager.java:65) ~[FallbackResourceManager.class:?]
	at net.minecraft.client.resources.SimpleReloadableResourceManager.getResource(SimpleReloadableResourceManager.java:67) ~[SimpleReloadableResourceManager.class:?]
	at net.minecraft.client.renderer.texture.TextureMap.loadTextureAtlas(TextureMap.java:126) [TextureMap.class:?]
	at net.minecraft.client.renderer.texture.TextureMap.loadTexture(TextureMap.java:91) [TextureMap.class:?]
	at net.minecraft.client.renderer.texture.TextureManager.loadTexture(TextureManager.java:89) [TextureManager.class:?]
	at net.minecraft.client.renderer.texture.TextureManager.loadTickableTexture(TextureManager.java:71) [TextureManager.class:?]
	at net.minecraft.client.renderer.texture.TextureManager.loadTextureMap(TextureManager.java:58) [TextureManager.class:?]
	at net.minecraft.client.Minecraft.startGame(Minecraft.java:569) [Minecraft.class:?]
	at net.minecraft.client.Minecraft.run(Minecraft.java:880) [Minecraft.class:?]
	at net.minecraft.client.main.Main.main(Main.java:112) [Main.class:?]
	at sun.reflect.NativeMethodAccessorImpl.invoke0(Native Method) ~[?:1.7.0_79]
	at sun.reflect.NativeMethodAccessorImpl.invoke(NativeMethodAccessorImpl.java:57) ~[?:1.7.0_79]
	at sun.reflect.DelegatingMethodAccessorImpl.invoke(DelegatingMethodAccessorImpl.java:43) ~[?:1.7.0_79]
	at java.lang.reflect.Method.invoke(Method.java:606) ~[?:1.7.0_79]
	at net.minecraft.launchwrapper.Launch.launch(Launch.java:134) [launchwrapper-1.9.jar:?]
	at net.minecraft.launchwrapper.Launch.main(Launch.java:28) [launchwrapper-1.9.jar:?]
	at net.minecraftforge.gradle.GradleStartCommon.launch(Unknown Source) [start/:?]
	at GradleStart.main(Unknown Source) [start/:?]
[16:56:17] [Client thread/INFO]: Created: 512x256 textures/blocks-atlas
[16:56:18] [Client thread/INFO]: Created: 256x256 textures/items-atlas
[16:56:20] [Client thread/INFO]: Reloading ResourceManager: Default, FMLFileResourcePack:Forge Mod Loader, FMLFileResourcePack:Minecraft Forge, FMLFileResourcePack:RealAuto 2
[16:56:21] [Client thread/INFO]: Created: 256x256 textures/items-atlas
[16:56:22] [Client thread/ERROR]: Using missing texture, unable to load minecraft:textures/blocks/MISSING_ICON_BLOCK_165_blockWindmill.png
java.io.FileNotFoundException: minecraft:textures/blocks/MISSING_ICON_BLOCK_165_blockWindmill.png
	at net.minecraft.client.resources.FallbackResourceManager.getResource(FallbackResourceManager.java:65) ~[FallbackResourceManager.class:?]
	at net.minecraft.client.resources.SimpleReloadableResourceManager.getResource(SimpleReloadableResourceManager.java:67) ~[SimpleReloadableResourceManager.class:?]
	at net.minecraft.client.renderer.texture.TextureMap.loadTextureAtlas(TextureMap.java:126) [TextureMap.class:?]
	at net.minecraft.client.renderer.texture.TextureMap.loadTexture(TextureMap.java:91) [TextureMap.class:?]
	at net.minecraft.client.renderer.texture.TextureManager.loadTexture(TextureManager.java:89) [TextureManager.class:?]
	at net.minecraft.client.renderer.texture.TextureManager.onResourceManagerReload(TextureManager.java:170) [TextureManager.class:?]
	at net.minecraft.client.resources.SimpleReloadableResourceManager.notifyReloadListeners(SimpleReloadableResourceManager.java:134) [SimpleReloadableResourceManager.class:?]
	at net.minecraft.client.resources.SimpleReloadableResourceManager.reloadResources(SimpleReloadableResourceManager.java:118) [SimpleReloadableResourceManager.class:?]
	at net.minecraft.client.Minecraft.refreshResources(Minecraft.java:614) [Minecraft.class:?]
	at cpw.mods.fml.client.FMLClientHandler.finishMinecraftLoading(FMLClientHandler.java:303) [FMLClientHandler.class:?]
	at net.minecraft.client.Minecraft.startGame(Minecraft.java:573) [Minecraft.class:?]
	at net.minecraft.client.Minecraft.run(Minecraft.java:880) [Minecraft.class:?]
	at net.minecraft.client.main.Main.main(Main.java:112) [Main.class:?]
	at sun.reflect.NativeMethodAccessorImpl.invoke0(Native Method) ~[?:1.7.0_79]
	at sun.reflect.NativeMethodAccessorImpl.invoke(NativeMethodAccessorImpl.java:57) ~[?:1.7.0_79]
	at sun.reflect.DelegatingMethodAccessorImpl.invoke(DelegatingMethodAccessorImpl.java:43) ~[?:1.7.0_79]
	at java.lang.reflect.Method.invoke(Method.java:606) ~[?:1.7.0_79]
	at net.minecraft.launchwrapper.Launch.launch(Launch.java:134) [launchwrapper-1.9.jar:?]
	at net.minecraft.launchwrapper.Launch.main(Launch.java:28) [launchwrapper-1.9.jar:?]
	at net.minecraftforge.gradle.GradleStartCommon.launch(Unknown Source) [start/:?]
	at GradleStart.main(Unknown Source) [start/:?]
[16:56:23] [Client thread/INFO]: Created: 512x256 textures/blocks-atlas
[16:56:23] [Sound Library Loader/INFO]: Sound engine started
[16:56:43] [MCO Availability Checker #1/ERROR]: Couldn't connect to Realms
[16:58:46] [Server thread/INFO]: Starting integrated minecraft server version 1.7.2
[16:58:46] [Server thread/INFO]: Generating keypair
[16:58:46] [Server thread/INFO]: Converting map!
[16:58:46] [Server thread/INFO]: Scanning folders...
[16:58:46] [Server thread/INFO]: Total conversion count is 0
[16:58:52] [Server thread/INFO]: Preparing start region for level 0
[16:58:53] [Server thread/INFO]: Preparing spawn area: 0%
[16:58:54] [Server thread/INFO]: Preparing spawn area: 1%
[16:58:55] [Server thread/INFO]: Preparing spawn area: 3%
[16:58:56] [Server thread/INFO]: Preparing spawn area: 4%
[16:58:57] [Server thread/INFO]: Preparing spawn area: 4%
[16:58:59] [Server thread/INFO]: Preparing spawn area: 5%
[16:59:00] [Server thread/INFO]: Preparing spawn area: 6%
[16:59:01] [Server thread/INFO]: Preparing spawn area: 7%
[16:59:02] [Server thread/INFO]: Preparing spawn area: 8%
[16:59:03] [Server thread/INFO]: Preparing spawn area: 10%
[16:59:04] [Server thread/INFO]: Preparing spawn area: 11%
[16:59:05] [Server thread/INFO]: Preparing spawn area: 13%
[16:59:06] [Server thread/INFO]: Preparing spawn area: 15%
[16:59:07] [Server thread/INFO]: Preparing spawn area: 18%
[16:59:08] [Server thread/INFO]: Preparing spawn area: 20%
[16:59:09] [Server thread/INFO]: Preparing spawn area: 23%
[16:59:10] [Server thread/INFO]: Preparing spawn area: 26%
[16:59:12] [Server thread/INFO]: Preparing spawn area: 28%
[16:59:13] [Server thread/INFO]: Preparing spawn area: 32%
[16:59:14] [Server thread/INFO]: Preparing spawn area: 33%
[16:59:15] [Server thread/INFO]: Preparing spawn area: 35%
[16:59:16] [Server thread/INFO]: Preparing spawn area: 37%
[16:59:17] [Server thread/INFO]: Preparing spawn area: 39%
[16:59:18] [Server thread/INFO]: Preparing spawn area: 41%
[16:59:19] [Server thread/INFO]: Preparing spawn area: 44%
[16:59:20] [Server thread/INFO]: Preparing spawn area: 46%
[16:59:21] [Server thread/INFO]: Preparing spawn area: 48%
[16:59:22] [Server thread/INFO]: Preparing spawn area: 51%
[16:59:24] [Server thread/INFO]: Preparing spawn area: 55%
[16:59:25] [Server thread/INFO]: Preparing spawn area: 58%
[16:59:26] [Server thread/INFO]: Preparing spawn area: 62%
[16:59:27] [Server thread/INFO]: Preparing spawn area: 65%
[16:59:28] [Server thread/INFO]: Preparing spawn area: 67%
[16:59:29] [Server thread/INFO]: Preparing spawn area: 71%
[16:59:30] [Server thread/INFO]: Preparing spawn area: 75%
[16:59:31] [Server thread/INFO]: Preparing spawn area: 78%
[16:59:32] [Server thread/INFO]: Preparing spawn area: 82%
[16:59:33] [Server thread/INFO]: Preparing spawn area: 85%
[16:59:34] [Server thread/INFO]: Preparing spawn area: 87%
[16:59:35] [Server thread/INFO]: Preparing spawn area: 89%
[16:59:36] [Server thread/INFO]: Preparing spawn area: 91%
[16:59:37] [Server thread/INFO]: Preparing spawn area: 95%
[16:59:38] [Server thread/INFO]: Preparing spawn area: 97%
[16:59:39] [Server thread/INFO]: Preparing spawn area: 97%
[16:59:44] [Server thread/WARN]: Can't keep up! Did the system time change, or is the server overloaded? Running 3468ms behind, skipping 69 tick(s)
[17:00:02] [Server thread/INFO]: Player437 lost connection: TextComponent{text='Disconnected', siblings=[], style=Style{hasParent=false, color=null, bold=null, italic=null, underlined=null, obfuscated=null, clickEvent=null, hoverEvent=null}}
[17:00:02] [Server thread/INFO]: Player437 left the game
[17:00:02] [Server thread/INFO]: Stopping singleplayer server as player logged out
[17:00:02] [Server thread/INFO]: Stopping server
[17:00:02] [Server thread/INFO]: Saving players
[17:00:02] [Server thread/INFO]: Saving worlds
[17:00:02] [Server thread/INFO]: Saving chunks for level 'New World'/Overworld
[17:00:04] [Server thread/INFO]: Saving chunks for level 'New World'/Nether
[17:00:04] [Server thread/INFO]: Saving chunks for level 'New World'/The End
[17:00:20] [Server thread/INFO]: Starting integrated minecraft server version 1.7.2
[17:00:20] [Server thread/INFO]: Generating keypair
[17:00:22] [Server thread/INFO]: Preparing start region for level 0
[17:00:23] [Server thread/INFO]: Preparing spawn area: 13%
[17:00:24] [Server thread/INFO]: Preparing spawn area: 56%
[17:00:25] [Server thread/INFO]: Preparing spawn area: 93%
[17:00:26] [Server thread/INFO]: Player437[local:E:707f4898] logged in with entity id 2382 at (-150.5, 72.0, 243.5)
[17:00:26] [Server thread/INFO]: Player437 joined the game
[17:00:29] [Server thread/WARN]: Can't keep up! Did the system time change, or is the server overloaded? Running 2139ms behind, skipping 42 tick(s)
[17:00:40] [Server thread/INFO]: Saving and pausing game...
[17:00:40] [Server thread/INFO]: Saving chunks for level 'New World'/Overworld
[17:00:42] [Server thread/INFO]: Saving chunks for level 'New World'/Nether
[17:00:42] [Server thread/INFO]: Saving chunks for level 'New World'/The End
[17:00:50] [Server thread/INFO]: Saving and pausing game...
[17:00:51] [Server thread/INFO]: Saving chunks for level 'New World'/Overworld
[17:00:51] [Server thread/INFO]: Saving chunks for level 'New World'/Nether
[17:00:51] [Server thread/INFO]: Saving chunks for level 'New World'/The End
[17:01:16] [Server thread/INFO]: Player437 has just earned the achievement [Taking Inventory]
[17:01:18] [Client thread/INFO]: [CHAT] Player437 has just earned the achievement [Taking Inventory]
[17:01:46] [Server thread/ERROR]: Encountered an unexpected exception
java.lang.NoClassDefFoundError: net/minecraft/world/World$2
	at net.minecraft.world.World.notifyBlockOfNeighborChange(World.java:782) ~[World.class:?]
	at net.minecraft.world.World.notifyBlocksOfNeighborChange(World.java:714) ~[World.class:?]
	at net.minecraft.world.World.notifyBlockChange(World.java:675) ~[World.class:?]
	at net.minecraft.world.World.setBlockMetadataWithNotify(World.java:606) ~[World.class:?]
	at com.camerpon900.realauto2.blocks.BlockWindmillGround.isMultiBlockStructure(BlockWindmillGround.java:75) ~[BlockWindmillGround.class:?]
	at com.camerpon900.realauto2.blocks.BlockWindmillGround.updateTheBlockStructure(BlockWindmillGround.java:41) ~[BlockWindmillGround.class:?]
	at com.camerpon900.realauto2.blocks.BlockWindmillGround.onBlockAdded(BlockWindmillGround.java:37) ~[BlockWindmillGround.class:?]
	at net.minecraft.world.chunk.Chunk.func_150807_a(Chunk.java:705) ~[Chunk.class:?]
	at net.minecraft.world.World.setBlock(World.java:511) ~[World.class:?]
	at net.minecraft.item.ItemBlock.placeBlockAt(ItemBlock.java:232) ~[ItemBlock.class:?]
	at net.minecraft.item.ItemBlock.onItemUse(ItemBlock.java:116) ~[ItemBlock.class:?]
	at net.minecraft.item.ItemStack.tryPlaceItemIntoWorld(ItemStack.java:140) ~[ItemStack.class:?]
	at net.minecraft.server.management.ItemInWorldManager.activateBlockOrUseItem(ItemInWorldManager.java:418) ~[ItemInWorldManager.class:?]
	at net.minecraft.network.NetHandlerPlayServer.processPlayerBlockPlacement(NetHandlerPlayServer.java:588) ~[NetHandlerPlayServer.class:?]
	at net.minecraft.network.play.client.C08PacketPlayerBlockPlacement.processPacket(C08PacketPlayerBlockPlacement.java:74) ~[C08PacketPlayerBlockPlacement.class:?]
	at net.minecraft.network.play.client.C08PacketPlayerBlockPlacement.processPacket(C08PacketPlayerBlockPlacement.java:122) ~[C08PacketPlayerBlockPlacement.class:?]
	at net.minecraft.network.NetworkManager.processReceivedPackets(NetworkManager.java:226) ~[NetworkManager.class:?]
	at net.minecraft.network.NetworkSystem.networkTick(NetworkSystem.java:182) ~[NetworkSystem.class:?]
	at net.minecraft.server.MinecraftServer.updateTimeLightAndEntities(MinecraftServer.java:710) ~[MinecraftServer.class:?]
	at net.minecraft.server.MinecraftServer.tick(MinecraftServer.java:598) ~[MinecraftServer.class:?]
	at net.minecraft.server.integrated.IntegratedServer.tick(IntegratedServer.java:118) ~[IntegratedServer.class:?]
	at net.minecraft.server.MinecraftServer.run(MinecraftServer.java:472) [MinecraftServer.class:?]
	at net.minecraft.server.MinecraftServer$2.run(MinecraftServer.java:736) [MinecraftServer$2.class:?]
[17:01:46] [Server thread/ERROR]: This crash report has been saved to: D:\McProjects\1.7\RealAuto2\eclipse\.\crash-reports\crash-2015-06-21_17.01.46-server.txt
[17:01:46] [Server thread/INFO]: Stopping server
[17:01:46] [Server thread/INFO]: Saving players
[17:01:46] [Server thread/INFO]: Saving worlds
[17:01:46] [Server thread/INFO]: Saving chunks for level 'New World'/Overworld
[17:01:47] [Server thread/INFO]: Saving chunks for level 'New World'/Nether
[17:01:47] [Server thread/INFO]: Saving chunks for level 'New World'/The End
[18:12:42] [main/INFO]: Setting user: Player519
[18:14:10] [Client thread/INFO]: LWJGL Version: 2.9.0
[18:16:58] [Client thread/INFO]: Reloading ResourceManager: Default, FMLFileResourcePack:Forge Mod Loader, FMLFileResourcePack:Minecraft Forge, FMLFileResourcePack:RealAuto 2
[18:17:31] [Sound Library Loader/INFO]: Sound engine started
[18:19:08] [Client thread/ERROR]: Using missing texture, unable to load minecraft:textures/blocks/MISSING_ICON_BLOCK_165_blockWindmill.png
java.io.FileNotFoundException: minecraft:textures/blocks/MISSING_ICON_BLOCK_165_blockWindmill.png
	at net.minecraft.client.resources.FallbackResourceManager.getResource(FallbackResourceManager.java:65) ~[FallbackResourceManager.class:?]
	at net.minecraft.client.resources.SimpleReloadableResourceManager.getResource(SimpleReloadableResourceManager.java:67) ~[SimpleReloadableResourceManager.class:?]
	at net.minecraft.client.renderer.texture.TextureMap.loadTextureAtlas(TextureMap.java:126) [TextureMap.class:?]
	at net.minecraft.client.renderer.texture.TextureMap.loadTexture(TextureMap.java:91) [TextureMap.class:?]
	at net.minecraft.client.renderer.texture.TextureManager.loadTexture(TextureManager.java:89) [TextureManager.class:?]
	at net.minecraft.client.renderer.texture.TextureManager.loadTickableTexture(TextureManager.java:71) [TextureManager.class:?]
	at net.minecraft.client.renderer.texture.TextureManager.loadTextureMap(TextureManager.java:58) [TextureManager.class:?]
	at net.minecraft.client.Minecraft.startGame(Minecraft.java:569) [Minecraft.class:?]
	at net.minecraft.client.Minecraft.run(Minecraft.java:880) [Minecraft.class:?]
	at net.minecraft.client.main.Main.main(Main.java:112) [Main.class:?]
	at sun.reflect.NativeMethodAccessorImpl.invoke0(Native Method) ~[?:1.7.0_79]
	at sun.reflect.NativeMethodAccessorImpl.invoke(NativeMethodAccessorImpl.java:57) ~[?:1.7.0_79]
	at sun.reflect.DelegatingMethodAccessorImpl.invoke(DelegatingMethodAccessorImpl.java:43) ~[?:1.7.0_79]
	at java.lang.reflect.Method.invoke(Method.java:606) ~[?:1.7.0_79]
	at net.minecraft.launchwrapper.Launch.launch(Launch.java:134) [launchwrapper-1.9.jar:?]
	at net.minecraft.launchwrapper.Launch.main(Launch.java:28) [launchwrapper-1.9.jar:?]
	at net.minecraftforge.gradle.GradleStartCommon.launch(Unknown Source) [start/:?]
	at GradleStart.main(Unknown Source) [start/:?]
[18:19:09] [Client thread/INFO]: Created: 512x256 textures/blocks-atlas
[18:19:10] [Client thread/INFO]: Created: 256x256 textures/items-atlas
[18:19:10] [Client thread/INFO]: Reloading ResourceManager: Default, FMLFileResourcePack:Forge Mod Loader, FMLFileResourcePack:Minecraft Forge, FMLFileResourcePack:RealAuto 2
[18:19:11] [Client thread/INFO]: Created: 256x256 textures/items-atlas
[18:19:11] [Client thread/ERROR]: Using missing texture, unable to load minecraft:textures/blocks/MISSING_ICON_BLOCK_165_blockWindmill.png
java.io.FileNotFoundException: minecraft:textures/blocks/MISSING_ICON_BLOCK_165_blockWindmill.png
	at net.minecraft.client.resources.FallbackResourceManager.getResource(FallbackResourceManager.java:65) ~[FallbackResourceManager.class:?]
	at net.minecraft.client.resources.SimpleReloadableResourceManager.getResource(SimpleReloadableResourceManager.java:67) ~[SimpleReloadableResourceManager.class:?]
	at net.minecraft.client.renderer.texture.TextureMap.loadTextureAtlas(TextureMap.java:126) [TextureMap.class:?]
	at net.minecraft.client.renderer.texture.TextureMap.loadTexture(TextureMap.java:91) [TextureMap.class:?]
	at net.minecraft.client.renderer.texture.TextureManager.loadTexture(TextureManager.java:89) [TextureManager.class:?]
	at net.minecraft.client.renderer.texture.TextureManager.onResourceManagerReload(TextureManager.java:170) [TextureManager.class:?]
	at net.minecraft.client.resources.SimpleReloadableResourceManager.notifyReloadListeners(SimpleReloadableResourceManager.java:134) [SimpleReloadableResourceManager.class:?]
	at net.minecraft.client.resources.SimpleReloadableResourceManager.reloadResources(SimpleReloadableResourceManager.java:118) [SimpleReloadableResourceManager.class:?]
	at net.minecraft.client.Minecraft.refreshResources(Minecraft.java:614) [Minecraft.class:?]
	at cpw.mods.fml.client.FMLClientHandler.finishMinecraftLoading(FMLClientHandler.java:303) [FMLClientHandler.class:?]
	at net.minecraft.client.Minecraft.startGame(Minecraft.java:573) [Minecraft.class:?]
	at net.minecraft.client.Minecraft.run(Minecraft.java:880) [Minecraft.class:?]
	at net.minecraft.client.main.Main.main(Main.java:112) [Main.class:?]
	at sun.reflect.NativeMethodAccessorImpl.invoke0(Native Method) ~[?:1.7.0_79]
	at sun.reflect.NativeMethodAccessorImpl.invoke(NativeMethodAccessorImpl.java:57) ~[?:1.7.0_79]
	at sun.reflect.DelegatingMethodAccessorImpl.invoke(DelegatingMethodAccessorImpl.java:43) ~[?:1.7.0_79]
	at java.lang.reflect.Method.invoke(Method.java:606) ~[?:1.7.0_79]
	at net.minecraft.launchwrapper.Launch.launch(Launch.java:134) [launchwrapper-1.9.jar:?]
	at net.minecraft.launchwrapper.Launch.main(Launch.java:28) [launchwrapper-1.9.jar:?]
	at net.minecraftforge.gradle.GradleStartCommon.launch(Unknown Source) [start/:?]
	at GradleStart.main(Unknown Source) [start/:?]
[18:19:11] [Client thread/INFO]: Created: 512x256 textures/blocks-atlas
[18:19:13] [Sound Library Loader/INFO]: Sound engine started
[18:19:39] [MCO Availability Checker #1/ERROR]: Couldn't connect to Realms
[18:59:05] [Server thread/INFO]: Starting integrated minecraft server version 1.7.2
[18:59:05] [Server thread/INFO]: Generating keypair
[18:59:07] [Server thread/INFO]: Preparing start region for level 0
[18:59:08] [Server thread/INFO]: Preparing spawn area: 3%
[18:59:09] [Server thread/INFO]: Preparing spawn area: 40%
[18:59:10] [Server thread/INFO]: Preparing spawn area: 79%
[18:59:12] [Server thread/INFO]: Player519[local:E:a7f7a571] logged in with entity id 267 at (-147.32416524793925, 72.0, 248.8745580677901)
[18:59:13] [Server thread/INFO]: Player519 joined the game
[18:59:14] [Server thread/WARN]: Can't keep up! Did the system time change, or is the server overloaded? Running 2582ms behind, skipping 51 tick(s)
[18:59:59] [Server thread/INFO]: Player519 has just earned the achievement [Taking Inventory]
[18:59:59] [Client thread/INFO]: [CHAT] Player519 has just earned the achievement [Taking Inventory]
[19:00:06] [Server thread/INFO]: Saving and pausing game...
[19:00:07] [Server thread/ERROR]: Couldn't save stats
java.io.FileNotFoundException: .\saves\New World\stats\Player519.json (The process cannot access the file because it is being used by another process)
	at java.io.FileOutputStream.open(Native Method) ~[?:1.7.0_79]
	at java.io.FileOutputStream.<init>(FileOutputStream.java:221) ~[?:1.7.0_79]
	at org.apache.commons.io.FileUtils.openOutputStream(FileUtils.java:367) ~[commons-io-2.4.jar:2.4]
	at org.apache.commons.io.FileUtils.writeStringToFile(FileUtils.java:1928) ~[commons-io-2.4.jar:2.4]
	at org.apache.commons.io.FileUtils.writeStringToFile(FileUtils.java:1962) ~[commons-io-2.4.jar:2.4]
	at net.minecraft.stats.StatisticsFile.func_150883_b(StatisticsFile.java:69) [StatisticsFile.class:?]
	at net.minecraft.server.management.ServerConfigurationManager.writePlayerData(ServerConfigurationManager.java:258) [ServerConfigurationManager.class:?]
	at net.minecraft.server.integrated.IntegratedPlayerList.writePlayerData(IntegratedPlayerList.java:36) [IntegratedPlayerList.class:?]
	at net.minecraft.server.management.ServerConfigurationManager.saveAllPlayerData(ServerConfigurationManager.java:911) [ServerConfigurationManager.class:?]
	at net.minecraft.server.integrated.IntegratedServer.tick(IntegratedServer.java:112) [IntegratedServer.class:?]
	at net.minecraft.server.MinecraftServer.run(MinecraftServer.java:472) [MinecraftServer.class:?]
	at net.minecraft.server.MinecraftServer$2.run(MinecraftServer.java:736) [MinecraftServer$2.class:?]
[19:00:07] [Server thread/INFO]: Saving chunks for level 'New World'/Overworld
[19:00:07] [Server thread/INFO]: Saving chunks for level 'New World'/Nether
[19:00:07] [Server thread/INFO]: Saving chunks for level 'New World'/The End
[19:02:34] [Server thread/ERROR]: Couldn't save stats
java.io.FileNotFoundException: .\saves\New World\stats\Player519.json (The process cannot access the file because it is being used by another process)
	at java.io.FileOutputStream.open(Native Method) ~[?:1.7.0_79]
	at java.io.FileOutputStream.<init>(FileOutputStream.java:221) ~[?:1.7.0_79]
	at org.apache.commons.io.FileUtils.openOutputStream(FileUtils.java:367) ~[commons-io-2.4.jar:2.4]
	at org.apache.commons.io.FileUtils.writeStringToFile(FileUtils.java:1928) ~[commons-io-2.4.jar:2.4]
	at org.apache.commons.io.FileUtils.writeStringToFile(FileUtils.java:1962) ~[commons-io-2.4.jar:2.4]
	at net.minecraft.stats.StatisticsFile.func_150883_b(StatisticsFile.java:69) [StatisticsFile.class:?]
	at net.minecraft.server.management.ServerConfigurationManager.writePlayerData(ServerConfigurationManager.java:258) [ServerConfigurationManager.class:?]
	at net.minecraft.server.integrated.IntegratedPlayerList.writePlayerData(IntegratedPlayerList.java:36) [IntegratedPlayerList.class:?]
	at net.minecraft.server.management.ServerConfigurationManager.saveAllPlayerData(ServerConfigurationManager.java:911) [ServerConfigurationManager.class:?]
	at net.minecraft.server.MinecraftServer.tick(MinecraftServer.java:619) [MinecraftServer.class:?]
	at net.minecraft.server.integrated.IntegratedServer.tick(IntegratedServer.java:118) [IntegratedServer.class:?]
	at net.minecraft.server.MinecraftServer.run(MinecraftServer.java:472) [MinecraftServer.class:?]
	at net.minecraft.server.MinecraftServer$2.run(MinecraftServer.java:736) [MinecraftServer$2.class:?]
[19:03:19] [Server thread/ERROR]: Couldn't save stats
java.io.FileNotFoundException: .\saves\New World\stats\Player519.json (The process cannot access the file because it is being used by another process)
	at java.io.FileOutputStream.open(Native Method) ~[?:1.7.0_79]
	at java.io.FileOutputStream.<init>(FileOutputStream.java:221) ~[?:1.7.0_79]
	at org.apache.commons.io.FileUtils.openOutputStream(FileUtils.java:367) ~[commons-io-2.4.jar:2.4]
	at org.apache.commons.io.FileUtils.writeStringToFile(FileUtils.java:1928) ~[commons-io-2.4.jar:2.4]
	at org.apache.commons.io.FileUtils.writeStringToFile(FileUtils.java:1962) ~[commons-io-2.4.jar:2.4]
	at net.minecraft.stats.StatisticsFile.func_150883_b(StatisticsFile.java:69) [StatisticsFile.class:?]
	at net.minecraft.server.management.ServerConfigurationManager.writePlayerData(ServerConfigurationManager.java:258) [ServerConfigurationManager.class:?]
	at net.minecraft.server.integrated.IntegratedPlayerList.writePlayerData(IntegratedPlayerList.java:36) [IntegratedPlayerList.class:?]
	at net.minecraft.server.management.ServerConfigurationManager.saveAllPlayerData(ServerConfigurationManager.java:911) [ServerConfigurationManager.class:?]
	at net.minecraft.server.MinecraftServer.tick(MinecraftServer.java:619) [MinecraftServer.class:?]
	at net.minecraft.server.integrated.IntegratedServer.tick(IntegratedServer.java:118) [IntegratedServer.class:?]
	at net.minecraft.server.MinecraftServer.run(MinecraftServer.java:472) [MinecraftServer.class:?]
	at net.minecraft.server.MinecraftServer$2.run(MinecraftServer.java:736) [MinecraftServer$2.class:?]
[19:04:04] [Server thread/ERROR]: Couldn't save stats
java.io.FileNotFoundException: .\saves\New World\stats\Player519.json (The process cannot access the file because it is being used by another process)
	at java.io.FileOutputStream.open(Native Method) ~[?:1.7.0_79]
	at java.io.FileOutputStream.<init>(FileOutputStream.java:221) ~[?:1.7.0_79]
	at org.apache.commons.io.FileUtils.openOutputStream(FileUtils.java:367) ~[commons-io-2.4.jar:2.4]
	at org.apache.commons.io.FileUtils.writeStringToFile(FileUtils.java:1928) ~[commons-io-2.4.jar:2.4]
	at org.apache.commons.io.FileUtils.writeStringToFile(FileUtils.java:1962) ~[commons-io-2.4.jar:2.4]
	at net.minecraft.stats.StatisticsFile.func_150883_b(StatisticsFile.java:69) [StatisticsFile.class:?]
	at net.minecraft.server.management.ServerConfigurationManager.writePlayerData(ServerConfigurationManager.java:258) [ServerConfigurationManager.class:?]
	at net.minecraft.server.integrated.IntegratedPlayerList.writePlayerData(IntegratedPlayerList.java:36) [IntegratedPlayerList.class:?]
	at net.minecraft.server.management.ServerConfigurationManager.saveAllPlayerData(ServerConfigurationManager.java:911) [ServerConfigurationManager.class:?]
	at net.minecraft.server.MinecraftServer.tick(MinecraftServer.java:619) [MinecraftServer.class:?]
	at net.minecraft.server.integrated.IntegratedServer.tick(IntegratedServer.java:118) [IntegratedServer.class:?]
	at net.minecraft.server.MinecraftServer.run(MinecraftServer.java:472) [MinecraftServer.class:?]
	at net.minecraft.server.MinecraftServer$2.run(MinecraftServer.java:736) [MinecraftServer$2.class:?]
[19:04:49] [Server thread/ERROR]: Couldn't save stats
java.io.FileNotFoundException: .\saves\New World\stats\Player519.json (The process cannot access the file because it is being used by another process)
	at java.io.FileOutputStream.open(Native Method) ~[?:1.7.0_79]
	at java.io.FileOutputStream.<init>(FileOutputStream.java:221) ~[?:1.7.0_79]
	at org.apache.commons.io.FileUtils.openOutputStream(FileUtils.java:367) ~[commons-io-2.4.jar:2.4]
	at org.apache.commons.io.FileUtils.writeStringToFile(FileUtils.java:1928) ~[commons-io-2.4.jar:2.4]
	at org.apache.commons.io.FileUtils.writeStringToFile(FileUtils.java:1962) ~[commons-io-2.4.jar:2.4]
	at net.minecraft.stats.StatisticsFile.func_150883_b(StatisticsFile.java:69) [StatisticsFile.class:?]
	at net.minecraft.server.management.ServerConfigurationManager.writePlayerData(ServerConfigurationManager.java:258) [ServerConfigurationManager.class:?]
	at net.minecraft.server.integrated.IntegratedPlayerList.writePlayerData(IntegratedPlayerList.java:36) [IntegratedPlayerList.class:?]
	at net.minecraft.server.management.ServerConfigurationManager.saveAllPlayerData(ServerConfigurationManager.java:911) [ServerConfigurationManager.class:?]
	at net.minecraft.server.MinecraftServer.tick(MinecraftServer.java:619) [MinecraftServer.class:?]
	at net.minecraft.server.integrated.IntegratedServer.tick(IntegratedServer.java:118) [IntegratedServer.class:?]
	at net.minecraft.server.MinecraftServer.run(MinecraftServer.java:472) [MinecraftServer.class:?]
	at net.minecraft.server.MinecraftServer$2.run(MinecraftServer.java:736) [MinecraftServer$2.class:?]
[19:05:34] [Server thread/ERROR]: Couldn't save stats
java.io.FileNotFoundException: .\saves\New World\stats\Player519.json (The process cannot access the file because it is being used by another process)
	at java.io.FileOutputStream.open(Native Method) ~[?:1.7.0_79]
	at java.io.FileOutputStream.<init>(FileOutputStream.java:221) ~[?:1.7.0_79]
	at org.apache.commons.io.FileUtils.openOutputStream(FileUtils.java:367) ~[commons-io-2.4.jar:2.4]
	at org.apache.commons.io.FileUtils.writeStringToFile(FileUtils.java:1928) ~[commons-io-2.4.jar:2.4]
	at org.apache.commons.io.FileUtils.writeStringToFile(FileUtils.java:1962) ~[commons-io-2.4.jar:2.4]
	at net.minecraft.stats.StatisticsFile.func_150883_b(StatisticsFile.java:69) [StatisticsFile.class:?]
	at net.minecraft.server.management.ServerConfigurationManager.writePlayerData(ServerConfigurationManager.java:258) [ServerConfigurationManager.class:?]
	at net.minecraft.server.integrated.IntegratedPlayerList.writePlayerData(IntegratedPlayerList.java:36) [IntegratedPlayerList.class:?]
	at net.minecraft.server.management.ServerConfigurationManager.saveAllPlayerData(ServerConfigurationManager.java:911) [ServerConfigurationManager.class:?]
	at net.minecraft.server.MinecraftServer.tick(MinecraftServer.java:619) [MinecraftServer.class:?]
	at net.minecraft.server.integrated.IntegratedServer.tick(IntegratedServer.java:118) [IntegratedServer.class:?]
	at net.minecraft.server.MinecraftServer.run(MinecraftServer.java:472) [MinecraftServer.class:?]
	at net.minecraft.server.MinecraftServer$2.run(MinecraftServer.java:736) [MinecraftServer$2.class:?]
[19:06:19] [Server thread/ERROR]: Couldn't save stats
java.io.FileNotFoundException: .\saves\New World\stats\Player519.json (The process cannot access the file because it is being used by another process)
	at java.io.FileOutputStream.open(Native Method) ~[?:1.7.0_79]
	at java.io.FileOutputStream.<init>(FileOutputStream.java:221) ~[?:1.7.0_79]
	at org.apache.commons.io.FileUtils.openOutputStream(FileUtils.java:367) ~[commons-io-2.4.jar:2.4]
	at org.apache.commons.io.FileUtils.writeStringToFile(FileUtils.java:1928) ~[commons-io-2.4.jar:2.4]
	at org.apache.commons.io.FileUtils.writeStringToFile(FileUtils.java:1962) ~[commons-io-2.4.jar:2.4]
	at net.minecraft.stats.StatisticsFile.func_150883_b(StatisticsFile.java:69) [StatisticsFile.class:?]
	at net.minecraft.server.management.ServerConfigurationManager.writePlayerData(ServerConfigurationManager.java:258) [ServerConfigurationManager.class:?]
	at net.minecraft.server.integrated.IntegratedPlayerList.writePlayerData(IntegratedPlayerList.java:36) [IntegratedPlayerList.class:?]
	at net.minecraft.server.management.ServerConfigurationManager.saveAllPlayerData(ServerConfigurationManager.java:911) [ServerConfigurationManager.class:?]
	at net.minecraft.server.MinecraftServer.tick(MinecraftServer.java:619) [MinecraftServer.class:?]
	at net.minecraft.server.integrated.IntegratedServer.tick(IntegratedServer.java:118) [IntegratedServer.class:?]
	at net.minecraft.server.MinecraftServer.run(MinecraftServer.java:472) [MinecraftServer.class:?]
	at net.minecraft.server.MinecraftServer$2.run(MinecraftServer.java:736) [MinecraftServer$2.class:?]
[19:06:20] [Server thread/INFO]: Saving and pausing game...
[19:06:20] [Server thread/ERROR]: Couldn't save stats
java.io.FileNotFoundException: .\saves\New World\stats\Player519.json (The process cannot access the file because it is being used by another process)
	at java.io.FileOutputStream.open(Native Method) ~[?:1.7.0_79]
	at java.io.FileOutputStream.<init>(FileOutputStream.java:221) ~[?:1.7.0_79]
	at org.apache.commons.io.FileUtils.openOutputStream(FileUtils.java:367) ~[commons-io-2.4.jar:2.4]
	at org.apache.commons.io.FileUtils.writeStringToFile(FileUtils.java:1928) ~[commons-io-2.4.jar:2.4]
	at org.apache.commons.io.FileUtils.writeStringToFile(FileUtils.java:1962) ~[commons-io-2.4.jar:2.4]
	at net.minecraft.stats.StatisticsFile.func_150883_b(StatisticsFile.java:69) [StatisticsFile.class:?]
	at net.minecraft.server.management.ServerConfigurationManager.writePlayerData(ServerConfigurationManager.java:258) [ServerConfigurationManager.class:?]
	at net.minecraft.server.integrated.IntegratedPlayerList.writePlayerData(IntegratedPlayerList.java:36) [IntegratedPlayerList.class:?]
	at net.minecraft.server.management.ServerConfigurationManager.saveAllPlayerData(ServerConfigurationManager.java:911) [ServerConfigurationManager.class:?]
	at net.minecraft.server.integrated.IntegratedServer.tick(IntegratedServer.java:112) [IntegratedServer.class:?]
	at net.minecraft.server.MinecraftServer.run(MinecraftServer.java:472) [MinecraftServer.class:?]
	at net.minecraft.server.MinecraftServer$2.run(MinecraftServer.java:736) [MinecraftServer$2.class:?]
[19:06:20] [Server thread/INFO]: Saving chunks for level 'New World'/Overworld
[19:06:21] [Server thread/INFO]: Saving chunks for level 'New World'/Nether
[19:06:21] [Server thread/INFO]: Saving chunks for level 'New World'/The End
[19:06:22] [Client thread/INFO]: Stopping!
[19:06:22] [Server thread/INFO]: Stopping server
[19:06:22] [Server thread/INFO]: Saving players
[19:06:22] [Server thread/ERROR]: Couldn't save stats
java.io.FileNotFoundException: .\saves\New World\stats\Player519.json (The process cannot access the file because it is being used by another process)
	at java.io.FileOutputStream.open(Native Method) ~[?:1.7.0_79]
	at java.io.FileOutputStream.<init>(FileOutputStream.java:221) ~[?:1.7.0_79]
	at org.apache.commons.io.FileUtils.openOutputStream(FileUtils.java:367) ~[commons-io-2.4.jar:2.4]
	at org.apache.commons.io.FileUtils.writeStringToFile(FileUtils.java:1928) ~[commons-io-2.4.jar:2.4]
	at org.apache.commons.io.FileUtils.writeStringToFile(FileUtils.java:1962) ~[commons-io-2.4.jar:2.4]
	at net.minecraft.stats.StatisticsFile.func_150883_b(StatisticsFile.java:69) [StatisticsFile.class:?]
	at net.minecraft.server.management.ServerConfigurationManager.writePlayerData(ServerConfigurationManager.java:258) [ServerConfigurationManager.class:?]
	at net.minecraft.server.integrated.IntegratedPlayerList.writePlayerData(IntegratedPlayerList.java:36) [IntegratedPlayerList.class:?]
	at net.minecraft.server.management.ServerConfigurationManager.saveAllPlayerData(ServerConfigurationManager.java:911) [ServerConfigurationManager.class:?]
	at net.minecraft.server.MinecraftServer.stopServer(MinecraftServer.java:388) [MinecraftServer.class:?]
	at net.minecraft.server.integrated.IntegratedServer.stopServer(IntegratedServer.java:255) [IntegratedServer.class:?]
	at net.minecraft.server.MinecraftServer.run(MinecraftServer.java:525) [MinecraftServer.class:?]
	at net.minecraft.server.MinecraftServer$2.run(MinecraftServer.java:736) [MinecraftServer$2.class:?]
[19:06:22] [Server thread/INFO]: Saving worlds
[19:06:22] [Server thread/INFO]: Saving chunks for level 'New World'/Overworld
[19:06:22] [Server thread/INFO]: Saving chunks for level 'New World'/Nether
[19:06:22] [Server thread/INFO]: Saving chunks for level 'New World'/The End
[19:06:23] [Client Shutdown Thread/INFO]: Stopping server
[19:06:23] [Client Shutdown Thread/INFO]: Saving players
[19:11:44] [main/INFO]: Setting user: Player109
[19:11:55] [Client thread/INFO]: LWJGL Version: 2.9.0
[19:12:42] [Client thread/INFO]: Reloading ResourceManager: Default, FMLFileResourcePack:Forge Mod Loader, FMLFileResourcePack:Minecraft Forge, FMLFileResourcePack:RealAuto 2
[19:13:06] [Client thread/ERROR]: Using missing texture, unable to load minecraft:textures/blocks/MISSING_ICON_BLOCK_165_blockWindmill.png
java.io.FileNotFoundException: minecraft:textures/blocks/MISSING_ICON_BLOCK_165_blockWindmill.png
	at net.minecraft.client.resources.FallbackResourceManager.getResource(FallbackResourceManager.java:65) ~[FallbackResourceManager.class:?]
	at net.minecraft.client.resources.SimpleReloadableResourceManager.getResource(SimpleReloadableResourceManager.java:67) ~[SimpleReloadableResourceManager.class:?]
	at net.minecraft.client.renderer.texture.TextureMap.loadTextureAtlas(TextureMap.java:126) [TextureMap.class:?]
	at net.minecraft.client.renderer.texture.TextureMap.loadTexture(TextureMap.java:91) [TextureMap.class:?]
	at net.minecraft.client.renderer.texture.TextureManager.loadTexture(TextureManager.java:89) [TextureManager.class:?]
	at net.minecraft.client.renderer.texture.TextureManager.loadTickableTexture(TextureManager.java:71) [TextureManager.class:?]
	at net.minecraft.client.renderer.texture.TextureManager.loadTextureMap(TextureManager.java:58) [TextureManager.class:?]
	at net.minecraft.client.Minecraft.startGame(Minecraft.java:569) [Minecraft.class:?]
	at net.minecraft.client.Minecraft.run(Minecraft.java:880) [Minecraft.class:?]
	at net.minecraft.client.main.Main.main(Main.java:112) [Main.class:?]
	at sun.reflect.NativeMethodAccessorImpl.invoke0(Native Method) ~[?:1.7.0_79]
	at sun.reflect.NativeMethodAccessorImpl.invoke(NativeMethodAccessorImpl.java:57) ~[?:1.7.0_79]
	at sun.reflect.DelegatingMethodAccessorImpl.invoke(DelegatingMethodAccessorImpl.java:43) ~[?:1.7.0_79]
	at java.lang.reflect.Method.invoke(Method.java:606) ~[?:1.7.0_79]
	at net.minecraft.launchwrapper.Launch.launch(Launch.java:134) [launchwrapper-1.9.jar:?]
	at net.minecraft.launchwrapper.Launch.main(Launch.java:28) [launchwrapper-1.9.jar:?]
	at net.minecraftforge.gradle.GradleStartCommon.launch(Unknown Source) [start/:?]
	at GradleStart.main(Unknown Source) [start/:?]
[19:13:07] [Client thread/INFO]: Created: 512x256 textures/blocks-atlas
[19:13:10] [Client thread/INFO]: Created: 256x256 textures/items-atlas
[19:13:10] [Client thread/INFO]: Reloading ResourceManager: Default, FMLFileResourcePack:Forge Mod Loader, FMLFileResourcePack:Minecraft Forge, FMLFileResourcePack:RealAuto 2
[19:13:10] [Client thread/INFO]: Created: 256x256 textures/items-atlas
[19:13:11] [Client thread/ERROR]: Using missing texture, unable to load minecraft:textures/blocks/MISSING_ICON_BLOCK_165_blockWindmill.png
java.io.FileNotFoundException: minecraft:textures/blocks/MISSING_ICON_BLOCK_165_blockWindmill.png
	at net.minecraft.client.resources.FallbackResourceManager.getResource(FallbackResourceManager.java:65) ~[FallbackResourceManager.class:?]
	at net.minecraft.client.resources.SimpleReloadableResourceManager.getResource(SimpleReloadableResourceManager.java:67) ~[SimpleReloadableResourceManager.class:?]
	at net.minecraft.client.renderer.texture.TextureMap.loadTextureAtlas(TextureMap.java:126) [TextureMap.class:?]
	at net.minecraft.client.renderer.texture.TextureMap.loadTexture(TextureMap.java:91) [TextureMap.class:?]
	at net.minecraft.client.renderer.texture.TextureManager.loadTexture(TextureManager.java:89) [TextureManager.class:?]
	at net.minecraft.client.renderer.texture.TextureManager.onResourceManagerReload(TextureManager.java:170) [TextureManager.class:?]
	at net.minecraft.client.resources.SimpleReloadableResourceManager.notifyReloadListeners(SimpleReloadableResourceManager.java:134) [SimpleReloadableResourceManager.class:?]
	at net.minecraft.client.resources.SimpleReloadableResourceManager.reloadResources(SimpleReloadableResourceManager.java:118) [SimpleReloadableResourceManager.class:?]
	at net.minecraft.client.Minecraft.refreshResources(Minecraft.java:614) [Minecraft.class:?]
	at cpw.mods.fml.client.FMLClientHandler.finishMinecraftLoading(FMLClientHandler.java:303) [FMLClientHandler.class:?]
	at net.minecraft.client.Minecraft.startGame(Minecraft.java:573) [Minecraft.class:?]
	at net.minecraft.client.Minecraft.run(Minecraft.java:880) [Minecraft.class:?]
	at net.minecraft.client.main.Main.main(Main.java:112) [Main.class:?]
	at sun.reflect.NativeMethodAccessorImpl.invoke0(Native Method) ~[?:1.7.0_79]
	at sun.reflect.NativeMethodAccessorImpl.invoke(NativeMethodAccessorImpl.java:57) ~[?:1.7.0_79]
	at sun.reflect.DelegatingMethodAccessorImpl.invoke(DelegatingMethodAccessorImpl.java:43) ~[?:1.7.0_79]
	at java.lang.reflect.Method.invoke(Method.java:606) ~[?:1.7.0_79]
	at net.minecraft.launchwrapper.Launch.launch(Launch.java:134) [launchwrapper-1.9.jar:?]
	at net.minecraft.launchwrapper.Launch.main(Launch.java:28) [launchwrapper-1.9.jar:?]
	at net.minecraftforge.gradle.GradleStartCommon.launch(Unknown Source) [start/:?]
	at GradleStart.main(Unknown Source) [start/:?]
[19:13:11] [Client thread/INFO]: Created: 512x256 textures/blocks-atlas
[19:13:27] [Sound Library Loader/INFO]: Sound engine started
[19:13:27] [Sound Library Loader/INFO]: Sound engine started
[19:13:33] [Server thread/INFO]: Starting integrated minecraft server version 1.7.2
[19:13:33] [Server thread/INFO]: Generating keypair
[19:13:42] [Server thread/INFO]: Preparing start region for level 0
[19:13:43] [Server thread/INFO]: Preparing spawn area: 0%
[19:13:44] [Server thread/INFO]: Preparing spawn area: 3%
[19:13:45] [Server thread/INFO]: Preparing spawn area: 27%
[19:13:46] [Server thread/INFO]: Preparing spawn area: 56%
[19:13:47] [Server thread/INFO]: Preparing spawn area: 95%
[19:13:52] [MCO Availability Checker #1/ERROR]: Couldn't connect to Realms
[19:13:53] [Server thread/WARN]: Can't keep up! Did the system time change, or is the server overloaded? Running 4945ms behind, skipping 98 tick(s)
[19:13:54] [Server thread/INFO]: Player109 lost connection: TextComponent{text='Disconnected', siblings=[], style=Style{hasParent=false, color=null, bold=null, italic=null, underlined=null, obfuscated=null, clickEvent=null, hoverEvent=null}}
[19:13:54] [Server thread/INFO]: Player109 left the game
[19:13:54] [Server thread/INFO]: Stopping singleplayer server as player logged out
[19:13:55] [Server thread/INFO]: Stopping server
[19:13:55] [Server thread/INFO]: Saving players
[19:13:55] [Server thread/INFO]: Saving worlds
[19:13:55] [Server thread/INFO]: Saving chunks for level 'New World'/Overworld
[19:13:56] [Server thread/INFO]: Saving chunks for level 'New World'/Nether
[19:13:56] [Server thread/INFO]: Saving chunks for level 'New World'/The End
[19:13:59] [Server thread/INFO]: Starting integrated minecraft server version 1.7.2
[19:13:59] [Server thread/INFO]: Generating keypair
[19:14:00] [Server thread/INFO]: Preparing start region for level 0
[19:14:01] [Server thread/INFO]: Preparing spawn area: 57%
[19:14:02] [Server thread/INFO]: Player109[local:E:2384c8be] logged in with entity id 552 at (-150.5, 73.0, 249.5)
[19:14:02] [Server thread/INFO]: Player109 joined the game
[19:14:22] [Server thread/INFO]: Player109 has just earned the achievement [Taking Inventory]
[19:14:24] [Client thread/INFO]: [CHAT] Player109 has just earned the achievement [Taking Inventory]
[19:15:05] [Server thread/INFO]: Saving and pausing game...
[19:15:05] [Server thread/INFO]: Saving chunks for level 'New World'/Overworld
[19:15:05] [Server thread/INFO]: Saving chunks for level 'New World'/Nether
[19:15:05] [Server thread/INFO]: Saving chunks for level 'New World'/The End
[19:20:36] [Server thread/INFO]: Saving and pausing game...
[19:20:36] [Server thread/INFO]: Saving chunks for level 'New World'/Overworld
[19:20:37] [Server thread/INFO]: Saving chunks for level 'New World'/Nether
[19:20:37] [Server thread/INFO]: Saving chunks for level 'New World'/The End
[19:24:49] [Client thread/INFO]: Stopping!
[19:24:50] [Server thread/INFO]: Stopping server
[19:24:50] [Server thread/INFO]: Saving players
[19:24:50] [Server thread/INFO]: Saving worlds
[19:24:50] [Server thread/INFO]: Saving chunks for level 'New World'/Overworld
[19:24:50] [Server thread/INFO]: Saving chunks for level 'New World'/Nether
[19:24:50] [Server thread/INFO]: Saving chunks for level 'New World'/The End
[19:24:52] [Client Shutdown Thread/INFO]: Stopping server
[19:24:52] [Client Shutdown Thread/INFO]: Saving players
[19:24:52] [Client Shutdown Thread/INFO]: Saving worlds
[19:24:52] [Client Shutdown Thread/INFO]: Saving chunks for level 'New World'/Overworld
[19:47:14] [main/INFO]: Setting user: Player342
[19:47:20] [Client thread/INFO]: LWJGL Version: 2.9.0
[19:47:54] [Client thread/INFO]: Reloading ResourceManager: Default, FMLFileResourcePack:Forge Mod Loader, FMLFileResourcePack:Minecraft Forge, FMLFileResourcePack:RealAuto 2
[19:48:00] [Sound Library Loader/INFO]: Sound engine started
[19:48:24] [Client thread/ERROR]: Using missing texture, unable to load minecraft:textures/blocks/MISSING_ICON_BLOCK_165_blockWindmill.png
java.io.FileNotFoundException: minecraft:textures/blocks/MISSING_ICON_BLOCK_165_blockWindmill.png
	at net.minecraft.client.resources.FallbackResourceManager.getResource(FallbackResourceManager.java:65) ~[FallbackResourceManager.class:?]
	at net.minecraft.client.resources.SimpleReloadableResourceManager.getResource(SimpleReloadableResourceManager.java:67) ~[SimpleReloadableResourceManager.class:?]
	at net.minecraft.client.renderer.texture.TextureMap.loadTextureAtlas(TextureMap.java:126) [TextureMap.class:?]
	at net.minecraft.client.renderer.texture.TextureMap.loadTexture(TextureMap.java:91) [TextureMap.class:?]
	at net.minecraft.client.renderer.texture.TextureManager.loadTexture(TextureManager.java:89) [TextureManager.class:?]
	at net.minecraft.client.renderer.texture.TextureManager.loadTickableTexture(TextureManager.java:71) [TextureManager.class:?]
	at net.minecraft.client.renderer.texture.TextureManager.loadTextureMap(TextureManager.java:58) [TextureManager.class:?]
	at net.minecraft.client.Minecraft.startGame(Minecraft.java:569) [Minecraft.class:?]
	at net.minecraft.client.Minecraft.run(Minecraft.java:880) [Minecraft.class:?]
	at net.minecraft.client.main.Main.main(Main.java:112) [Main.class:?]
	at sun.reflect.NativeMethodAccessorImpl.invoke0(Native Method) ~[?:1.7.0_79]
	at sun.reflect.NativeMethodAccessorImpl.invoke(NativeMethodAccessorImpl.java:57) ~[?:1.7.0_79]
	at sun.reflect.DelegatingMethodAccessorImpl.invoke(DelegatingMethodAccessorImpl.java:43) ~[?:1.7.0_79]
	at java.lang.reflect.Method.invoke(Method.java:606) ~[?:1.7.0_79]
	at net.minecraft.launchwrapper.Launch.launch(Launch.java:134) [launchwrapper-1.9.jar:?]
	at net.minecraft.launchwrapper.Launch.main(Launch.java:28) [launchwrapper-1.9.jar:?]
	at net.minecraftforge.gradle.GradleStartCommon.launch(Unknown Source) [start/:?]
	at GradleStart.main(Unknown Source) [start/:?]
	at sun.reflect.NativeMethodAccessorImpl.invoke0(Native Method) ~[?:1.7.0_79]
	at sun.reflect.NativeMethodAccessorImpl.invoke(NativeMethodAccessorImpl.java:57) ~[?:1.7.0_79]
	at sun.reflect.DelegatingMethodAccessorImpl.invoke(DelegatingMethodAccessorImpl.java:43) ~[?:1.7.0_79]
	at java.lang.reflect.Method.invoke(Method.java:606) ~[?:1.7.0_79]
	at com.intellij.rt.execution.application.AppMain.main(AppMain.java:140) [idea_rt.jar:?]
[19:48:25] [Client thread/INFO]: Created: 512x256 textures/blocks-atlas
[19:48:25] [Client thread/INFO]: Created: 256x256 textures/items-atlas
[19:48:27] [Client thread/INFO]: Reloading ResourceManager: Default, FMLFileResourcePack:Forge Mod Loader, FMLFileResourcePack:Minecraft Forge, FMLFileResourcePack:RealAuto 2
[19:48:28] [Client thread/INFO]: Created: 256x256 textures/items-atlas
[19:48:28] [Client thread/ERROR]: Using missing texture, unable to load minecraft:textures/blocks/MISSING_ICON_BLOCK_165_blockWindmill.png
java.io.FileNotFoundException: minecraft:textures/blocks/MISSING_ICON_BLOCK_165_blockWindmill.png
	at net.minecraft.client.resources.FallbackResourceManager.getResource(FallbackResourceManager.java:65) ~[FallbackResourceManager.class:?]
	at net.minecraft.client.resources.SimpleReloadableResourceManager.getResource(SimpleReloadableResourceManager.java:67) ~[SimpleReloadableResourceManager.class:?]
	at net.minecraft.client.renderer.texture.TextureMap.loadTextureAtlas(TextureMap.java:126) [TextureMap.class:?]
	at net.minecraft.client.renderer.texture.TextureMap.loadTexture(TextureMap.java:91) [TextureMap.class:?]
	at net.minecraft.client.renderer.texture.TextureManager.loadTexture(TextureManager.java:89) [TextureManager.class:?]
	at net.minecraft.client.renderer.texture.TextureManager.onResourceManagerReload(TextureManager.java:170) [TextureManager.class:?]
	at net.minecraft.client.resources.SimpleReloadableResourceManager.notifyReloadListeners(SimpleReloadableResourceManager.java:134) [SimpleReloadableResourceManager.class:?]
	at net.minecraft.client.resources.SimpleReloadableResourceManager.reloadResources(SimpleReloadableResourceManager.java:118) [SimpleReloadableResourceManager.class:?]
	at net.minecraft.client.Minecraft.refreshResources(Minecraft.java:614) [Minecraft.class:?]
	at cpw.mods.fml.client.FMLClientHandler.finishMinecraftLoading(FMLClientHandler.java:303) [FMLClientHandler.class:?]
	at net.minecraft.client.Minecraft.startGame(Minecraft.java:573) [Minecraft.class:?]
	at net.minecraft.client.Minecraft.run(Minecraft.java:880) [Minecraft.class:?]
	at net.minecraft.client.main.Main.main(Main.java:112) [Main.class:?]
	at sun.reflect.NativeMethodAccessorImpl.invoke0(Native Method) ~[?:1.7.0_79]
	at sun.reflect.NativeMethodAccessorImpl.invoke(NativeMethodAccessorImpl.java:57) ~[?:1.7.0_79]
	at sun.reflect.DelegatingMethodAccessorImpl.invoke(DelegatingMethodAccessorImpl.java:43) ~[?:1.7.0_79]
	at java.lang.reflect.Method.invoke(Method.java:606) ~[?:1.7.0_79]
	at net.minecraft.launchwrapper.Launch.launch(Launch.java:134) [launchwrapper-1.9.jar:?]
	at net.minecraft.launchwrapper.Launch.main(Launch.java:28) [launchwrapper-1.9.jar:?]
	at net.minecraftforge.gradle.GradleStartCommon.launch(Unknown Source) [start/:?]
	at GradleStart.main(Unknown Source) [start/:?]
	at sun.reflect.NativeMethodAccessorImpl.invoke0(Native Method) ~[?:1.7.0_79]
	at sun.reflect.NativeMethodAccessorImpl.invoke(NativeMethodAccessorImpl.java:57) ~[?:1.7.0_79]
	at sun.reflect.DelegatingMethodAccessorImpl.invoke(DelegatingMethodAccessorImpl.java:43) ~[?:1.7.0_79]
	at java.lang.reflect.Method.invoke(Method.java:606) ~[?:1.7.0_79]
	at com.intellij.rt.execution.application.AppMain.main(AppMain.java:140) [idea_rt.jar:?]
[19:48:29] [Client thread/INFO]: Created: 512x256 textures/blocks-atlas
[19:48:30] [Sound Library Loader/INFO]: Sound engine started
[19:48:43] [Server thread/INFO]: Starting integrated minecraft server version 1.7.2
[19:48:43] [Server thread/INFO]: Generating keypair
[19:48:46] [MCO Availability Checker #1/ERROR]: Couldn't connect to Realms
[19:48:49] [Server thread/INFO]: Preparing start region for level 0
[19:48:50] [Server thread/INFO]: Preparing spawn area: 0%
[19:48:52] [Server thread/INFO]: Preparing spawn area: 3%
[19:48:53] [Server thread/INFO]: Preparing spawn area: 35%
[19:48:54] [Server thread/INFO]: Preparing spawn area: 76%
[19:48:57] [Server thread/INFO]: Player342[local:E:82e4b578] logged in with entity id 273 at (-167.7751341462357, 63.30000001192093, 267.40566622732564)
[19:48:58] [Server thread/INFO]: Player342 joined the game
[19:49:00] [Server thread/WARN]: Can't keep up! Did the system time change, or is the server overloaded? Running 3084ms behind, skipping 61 tick(s)
[19:49:34] [Server thread/INFO]: Saving and pausing game...
[19:49:34] [Server thread/INFO]: Saving chunks for level 'New World'/Overworld
[19:49:34] [Server thread/INFO]: Saving chunks for level 'New World'/Nether
[19:49:34] [Server thread/INFO]: Saving chunks for level 'New World'/The End
[19:49:38] [Client thread/INFO]: Stopping!
[19:49:38] [Server thread/INFO]: Stopping server
[19:49:38] [Server thread/INFO]: Saving players
[19:49:38] [Server thread/INFO]: Saving worlds
[19:49:38] [Server thread/INFO]: Saving chunks for level 'New World'/Overworld
[19:49:38] [Server thread/INFO]: Saving chunks for level 'New World'/Nether
[19:49:38] [Server thread/INFO]: Saving chunks for level 'New World'/The End
