[17:37:13] [main/INFO]: Setting user: Player920
[17:37:18] [Client thread/INFO]: LWJGL Version: 2.9.0
[17:37:54] [Client thread/INFO]: Reloading ResourceManager: Default, FMLFileResourcePack:Forge Mod Loader, FMLFileResourcePack:Minecraft Forge, FMLFileResourcePack:RealAuto 2
[17:38:03] [Sound Library Loader/INFO]: Sound engine started
[17:38:21] [Client thread/ERROR]: Using missing texture, unable to load minecraft:textures/blocks/MISSING_ICON_BLOCK_165_blockWindmill.png
java.io.FileNotFoundException: minecraft:textures/blocks/MISSING_ICON_BLOCK_165_blockWindmill.png
	at net.minecraft.client.resources.FallbackResourceManager.getResource(FallbackResourceManager.java:65) ~[FallbackResourceManager.class:?]
	at net.minecraft.client.resources.SimpleReloadableResourceManager.getResource(SimpleReloadableResourceManager.java:67) ~[SimpleReloadableResourceManager.class:?]
	at net.minecraft.client.renderer.texture.TextureMap.loadTextureAtlas(TextureMap.java:126) [TextureMap.class:?]
	at net.minecraft.client.renderer.texture.TextureMap.loadTexture(TextureMap.java:91) [TextureMap.class:?]
	at net.minecraft.client.renderer.texture.TextureManager.loadTexture(TextureManager.java:89) [TextureManager.class:?]
	at net.minecraft.client.renderer.texture.TextureManager.loadTickableTexture(TextureManager.java:71) [TextureManager.class:?]
	at net.minecraft.client.renderer.texture.TextureManager.loadTextureMap(TextureManager.java:58) [TextureManager.class:?]
	at net.minecraft.client.Minecraft.startGame(Minecraft.java:569) [Minecraft.class:?]
	at net.minecraft.client.Minecraft.run(Minecraft.java:880) [Minecraft.class:?]
	at net.minecraft.client.main.Main.main(Main.java:112) [Main.class:?]
	at sun.reflect.NativeMethodAccessorImpl.invoke0(Native Method) ~[?:1.7.0_79]
	at sun.reflect.NativeMethodAccessorImpl.invoke(NativeMethodAccessorImpl.java:57) ~[?:1.7.0_79]
	at sun.reflect.DelegatingMethodAccessorImpl.invoke(DelegatingMethodAccessorImpl.java:43) ~[?:1.7.0_79]
	at java.lang.reflect.Method.invoke(Method.java:606) ~[?:1.7.0_79]
	at net.minecraft.launchwrapper.Launch.launch(Launch.java:134) [launchwrapper-1.9.jar:?]
	at net.minecraft.launchwrapper.Launch.main(Launch.java:28) [launchwrapper-1.9.jar:?]
	at net.minecraftforge.gradle.GradleStartCommon.launch(Unknown Source) [start/:?]
	at GradleStart.main(Unknown Source) [start/:?]
	at sun.reflect.NativeMethodAccessorImpl.invoke0(Native Method) ~[?:1.7.0_79]
	at sun.reflect.NativeMethodAccessorImpl.invoke(NativeMethodAccessorImpl.java:57) ~[?:1.7.0_79]
	at sun.reflect.DelegatingMethodAccessorImpl.invoke(DelegatingMethodAccessorImpl.java:43) ~[?:1.7.0_79]
	at java.lang.reflect.Method.invoke(Method.java:606) ~[?:1.7.0_79]
	at com.intellij.rt.execution.application.AppMain.main(AppMain.java:140) [idea_rt.jar:?]
[17:38:21] [Client thread/ERROR]: Using missing texture, unable to load realauto2:textures/blocks/blockWindmillGround.png
java.io.FileNotFoundException: realauto2:textures/blocks/blockWindmillGround.png
	at net.minecraft.client.resources.SimpleReloadableResourceManager.getResource(SimpleReloadableResourceManager.java:71) ~[SimpleReloadableResourceManager.class:?]
	at net.minecraft.client.renderer.texture.TextureMap.loadTextureAtlas(TextureMap.java:126) [TextureMap.class:?]
	at net.minecraft.client.renderer.texture.TextureMap.loadTexture(TextureMap.java:91) [TextureMap.class:?]
	at net.minecraft.client.renderer.texture.TextureManager.loadTexture(TextureManager.java:89) [TextureManager.class:?]
	at net.minecraft.client.renderer.texture.TextureManager.loadTickableTexture(TextureManager.java:71) [TextureManager.class:?]
	at net.minecraft.client.renderer.texture.TextureManager.loadTextureMap(TextureManager.java:58) [TextureManager.class:?]
	at net.minecraft.client.Minecraft.startGame(Minecraft.java:569) [Minecraft.class:?]
	at net.minecraft.client.Minecraft.run(Minecraft.java:880) [Minecraft.class:?]
	at net.minecraft.client.main.Main.main(Main.java:112) [Main.class:?]
	at sun.reflect.NativeMethodAccessorImpl.invoke0(Native Method) ~[?:1.7.0_79]
	at sun.reflect.NativeMethodAccessorImpl.invoke(NativeMethodAccessorImpl.java:57) ~[?:1.7.0_79]
	at sun.reflect.DelegatingMethodAccessorImpl.invoke(DelegatingMethodAccessorImpl.java:43) ~[?:1.7.0_79]
	at java.lang.reflect.Method.invoke(Method.java:606) ~[?:1.7.0_79]
	at net.minecraft.launchwrapper.Launch.launch(Launch.java:134) [launchwrapper-1.9.jar:?]
	at net.minecraft.launchwrapper.Launch.main(Launch.java:28) [launchwrapper-1.9.jar:?]
	at net.minecraftforge.gradle.GradleStartCommon.launch(Unknown Source) [start/:?]
	at GradleStart.main(Unknown Source) [start/:?]
	at sun.reflect.NativeMethodAccessorImpl.invoke0(Native Method) ~[?:1.7.0_79]
	at sun.reflect.NativeMethodAccessorImpl.invoke(NativeMethodAccessorImpl.java:57) ~[?:1.7.0_79]
	at sun.reflect.DelegatingMethodAccessorImpl.invoke(DelegatingMethodAccessorImpl.java:43) ~[?:1.7.0_79]
	at java.lang.reflect.Method.invoke(Method.java:606) ~[?:1.7.0_79]
	at com.intellij.rt.execution.application.AppMain.main(AppMain.java:140) [idea_rt.jar:?]
[17:38:22] [Client thread/INFO]: Created: 512x256 textures/blocks-atlas
[17:38:23] [Client thread/INFO]: Created: 256x256 textures/items-atlas
[17:38:25] [Client thread/INFO]: Reloading ResourceManager: Default, FMLFileResourcePack:Forge Mod Loader, FMLFileResourcePack:Minecraft Forge, FMLFileResourcePack:RealAuto 2
[17:38:26] [Client thread/INFO]: Created: 256x256 textures/items-atlas
[17:38:26] [Client thread/ERROR]: Using missing texture, unable to load minecraft:textures/blocks/MISSING_ICON_BLOCK_165_blockWindmill.png
java.io.FileNotFoundException: minecraft:textures/blocks/MISSING_ICON_BLOCK_165_blockWindmill.png
	at net.minecraft.client.resources.FallbackResourceManager.getResource(FallbackResourceManager.java:65) ~[FallbackResourceManager.class:?]
	at net.minecraft.client.resources.SimpleReloadableResourceManager.getResource(SimpleReloadableResourceManager.java:67) ~[SimpleReloadableResourceManager.class:?]
	at net.minecraft.client.renderer.texture.TextureMap.loadTextureAtlas(TextureMap.java:126) [TextureMap.class:?]
	at net.minecraft.client.renderer.texture.TextureMap.loadTexture(TextureMap.java:91) [TextureMap.class:?]
	at net.minecraft.client.renderer.texture.TextureManager.loadTexture(TextureManager.java:89) [TextureManager.class:?]
	at net.minecraft.client.renderer.texture.TextureManager.onResourceManagerReload(TextureManager.java:170) [TextureManager.class:?]
	at net.minecraft.client.resources.SimpleReloadableResourceManager.notifyReloadListeners(SimpleReloadableResourceManager.java:134) [SimpleReloadableResourceManager.class:?]
	at net.minecraft.client.resources.SimpleReloadableResourceManager.reloadResources(SimpleReloadableResourceManager.java:118) [SimpleReloadableResourceManager.class:?]
	at net.minecraft.client.Minecraft.refreshResources(Minecraft.java:614) [Minecraft.class:?]
	at cpw.mods.fml.client.FMLClientHandler.finishMinecraftLoading(FMLClientHandler.java:303) [FMLClientHandler.class:?]
	at net.minecraft.client.Minecraft.startGame(Minecraft.java:573) [Minecraft.class:?]
	at net.minecraft.client.Minecraft.run(Minecraft.java:880) [Minecraft.class:?]
	at net.minecraft.client.main.Main.main(Main.java:112) [Main.class:?]
	at sun.reflect.NativeMethodAccessorImpl.invoke0(Native Method) ~[?:1.7.0_79]
	at sun.reflect.NativeMethodAccessorImpl.invoke(NativeMethodAccessorImpl.java:57) ~[?:1.7.0_79]
	at sun.reflect.DelegatingMethodAccessorImpl.invoke(DelegatingMethodAccessorImpl.java:43) ~[?:1.7.0_79]
	at java.lang.reflect.Method.invoke(Method.java:606) ~[?:1.7.0_79]
	at net.minecraft.launchwrapper.Launch.launch(Launch.java:134) [launchwrapper-1.9.jar:?]
	at net.minecraft.launchwrapper.Launch.main(Launch.java:28) [launchwrapper-1.9.jar:?]
	at net.minecraftforge.gradle.GradleStartCommon.launch(Unknown Source) [start/:?]
	at GradleStart.main(Unknown Source) [start/:?]
	at sun.reflect.NativeMethodAccessorImpl.invoke0(Native Method) ~[?:1.7.0_79]
	at sun.reflect.NativeMethodAccessorImpl.invoke(NativeMethodAccessorImpl.java:57) ~[?:1.7.0_79]
	at sun.reflect.DelegatingMethodAccessorImpl.invoke(DelegatingMethodAccessorImpl.java:43) ~[?:1.7.0_79]
	at java.lang.reflect.Method.invoke(Method.java:606) ~[?:1.7.0_79]
	at com.intellij.rt.execution.application.AppMain.main(AppMain.java:140) [idea_rt.jar:?]
[17:38:26] [Client thread/ERROR]: Using missing texture, unable to load realauto2:textures/blocks/blockWindmillGround.png
java.io.FileNotFoundException: realauto2:textures/blocks/blockWindmillGround.png
	at net.minecraft.client.resources.SimpleReloadableResourceManager.getResource(SimpleReloadableResourceManager.java:71) ~[SimpleReloadableResourceManager.class:?]
	at net.minecraft.client.renderer.texture.TextureMap.loadTextureAtlas(TextureMap.java:126) [TextureMap.class:?]
	at net.minecraft.client.renderer.texture.TextureMap.loadTexture(TextureMap.java:91) [TextureMap.class:?]
	at net.minecraft.client.renderer.texture.TextureManager.loadTexture(TextureManager.java:89) [TextureManager.class:?]
	at net.minecraft.client.renderer.texture.TextureManager.onResourceManagerReload(TextureManager.java:170) [TextureManager.class:?]
	at net.minecraft.client.resources.SimpleReloadableResourceManager.notifyReloadListeners(SimpleReloadableResourceManager.java:134) [SimpleReloadableResourceManager.class:?]
	at net.minecraft.client.resources.SimpleReloadableResourceManager.reloadResources(SimpleReloadableResourceManager.java:118) [SimpleReloadableResourceManager.class:?]
	at net.minecraft.client.Minecraft.refreshResources(Minecraft.java:614) [Minecraft.class:?]
	at cpw.mods.fml.client.FMLClientHandler.finishMinecraftLoading(FMLClientHandler.java:303) [FMLClientHandler.class:?]
	at net.minecraft.client.Minecraft.startGame(Minecraft.java:573) [Minecraft.class:?]
	at net.minecraft.client.Minecraft.run(Minecraft.java:880) [Minecraft.class:?]
	at net.minecraft.client.main.Main.main(Main.java:112) [Main.class:?]
	at sun.reflect.NativeMethodAccessorImpl.invoke0(Native Method) ~[?:1.7.0_79]
	at sun.reflect.NativeMethodAccessorImpl.invoke(NativeMethodAccessorImpl.java:57) ~[?:1.7.0_79]
	at sun.reflect.DelegatingMethodAccessorImpl.invoke(DelegatingMethodAccessorImpl.java:43) ~[?:1.7.0_79]
	at java.lang.reflect.Method.invoke(Method.java:606) ~[?:1.7.0_79]
	at net.minecraft.launchwrapper.Launch.launch(Launch.java:134) [launchwrapper-1.9.jar:?]
	at net.minecraft.launchwrapper.Launch.main(Launch.java:28) [launchwrapper-1.9.jar:?]
	at net.minecraftforge.gradle.GradleStartCommon.launch(Unknown Source) [start/:?]
	at GradleStart.main(Unknown Source) [start/:?]
	at sun.reflect.NativeMethodAccessorImpl.invoke0(Native Method) ~[?:1.7.0_79]
	at sun.reflect.NativeMethodAccessorImpl.invoke(NativeMethodAccessorImpl.java:57) ~[?:1.7.0_79]
	at sun.reflect.DelegatingMethodAccessorImpl.invoke(DelegatingMethodAccessorImpl.java:43) ~[?:1.7.0_79]
	at java.lang.reflect.Method.invoke(Method.java:606) ~[?:1.7.0_79]
	at com.intellij.rt.execution.application.AppMain.main(AppMain.java:140) [idea_rt.jar:?]
[17:38:26] [Client thread/INFO]: Created: 512x256 textures/blocks-atlas
[17:38:27] [Sound Library Loader/INFO]: Sound engine started
[17:38:39] [MCO Availability Checker #1/ERROR]: Couldn't connect to Realms
[17:38:39] [Server thread/INFO]: Starting integrated minecraft server version 1.7.2
[17:38:39] [Server thread/INFO]: Generating keypair
[17:38:41] [Server thread/INFO]: Preparing start region for level 0
[17:38:42] [Server thread/INFO]: Preparing spawn area: 61%
[17:38:49] [Server thread/WARN]: Can't keep up! Did the system time change, or is the server overloaded? Running 3339ms behind, skipping 66 tick(s)
[17:38:50] [Server thread/INFO]: Player920 lost connection: TextComponent{text='Disconnected', siblings=[], style=Style{hasParent=false, color=null, bold=null, italic=null, underlined=null, obfuscated=null, clickEvent=null, hoverEvent=null}}
[17:38:50] [Server thread/INFO]: Player920 left the game
[17:38:50] [Server thread/INFO]: Stopping singleplayer server as player logged out
[17:38:50] [Server thread/INFO]: Stopping server
[17:38:50] [Server thread/INFO]: Saving players
[17:38:50] [Server thread/INFO]: Saving worlds
[17:38:50] [Server thread/INFO]: Saving chunks for level 'Items & Blocks Test World'/Overworld
[17:38:50] [Server thread/INFO]: Saving chunks for level 'Items & Blocks Test World'/Nether
[17:38:50] [Server thread/INFO]: Saving chunks for level 'Items & Blocks Test World'/The End
[17:39:08] [Server thread/INFO]: Starting integrated minecraft server version 1.7.2
[17:39:08] [Server thread/INFO]: Generating keypair
[17:39:09] [Server thread/INFO]: Preparing start region for level 0
[17:39:09] [Server thread/INFO]: Player920[local:E:a9d2a420] logged in with entity id 301 at (546.5, 4.0, -2027.5)
[17:39:09] [Server thread/INFO]: Player920 joined the game
[17:39:14] [Server thread/INFO]: Player920 has just earned the achievement [Taking Inventory]
[17:39:15] [Client thread/INFO]: [CHAT] Player920 has just earned the achievement [Taking Inventory]
[17:39:39] [Server thread/INFO]: Saving and pausing game...
[17:39:39] [Server thread/INFO]: Saving chunks for level 'Items & Blocks Test World'/Overworld
[17:39:39] [Server thread/INFO]: Saving chunks for level 'Items & Blocks Test World'/Nether
[17:39:39] [Server thread/INFO]: Saving chunks for level 'Items & Blocks Test World'/The End
[17:39:39] [Server thread/INFO]: Stopping server
[17:39:39] [Server thread/INFO]: Saving players
[17:39:39] [Server thread/INFO]: Saving worlds
[17:39:39] [Server thread/INFO]: Saving chunks for level 'Items & Blocks Test World'/Overworld
[17:39:39] [Server thread/INFO]: Saving chunks for level 'Items & Blocks Test World'/Nether
[17:39:39] [Server thread/INFO]: Saving chunks for level 'Items & Blocks Test World'/The End
[17:44:11] [Server thread/INFO]: Starting integrated minecraft server version 1.7.2
[17:44:11] [Server thread/INFO]: Generating keypair
[17:44:12] [Server thread/INFO]: Preparing start region for level 0
[17:44:13] [Server thread/INFO]: Preparing spawn area: 8%
[17:44:14] [Server thread/INFO]: Preparing spawn area: 26%
[17:44:15] [Server thread/INFO]: Preparing spawn area: 40%
[17:44:17] [Server thread/INFO]: Preparing spawn area: 41%
[17:44:18] [Server thread/INFO]: Preparing spawn area: 45%
[17:44:19] [Server thread/INFO]: Preparing spawn area: 54%
[17:44:20] [Server thread/INFO]: Preparing spawn area: 62%
[17:44:21] [Server thread/INFO]: Player920[local:E:5d4f623c] logged in with entity id 100611 at (544.1154706037772, 4.300000011920929, -2024.4807513089352)
[17:44:21] [Server thread/INFO]: Player920 joined the game
[17:44:25] [Server thread/WARN]: Can't keep up! Did the system time change, or is the server overloaded? Running 3492ms behind, skipping 69 tick(s)
[17:45:21] [Server thread/INFO]: Saving and pausing game...
[17:45:21] [Server thread/INFO]: Saving chunks for level 'Items & Blocks Test World'/Overworld
[17:45:21] [Server thread/INFO]: Saving chunks for level 'Items & Blocks Test World'/Nether
[17:45:21] [Server thread/INFO]: Saving chunks for level 'Items & Blocks Test World'/The End
[17:45:23] [Server thread/INFO]: Stopping server
[17:45:23] [Server thread/INFO]: Saving players
[17:45:23] [Server thread/INFO]: Saving worlds
[17:45:23] [Server thread/INFO]: Saving chunks for level 'Items & Blocks Test World'/Overworld
[17:45:23] [Server thread/INFO]: Saving chunks for level 'Items & Blocks Test World'/Nether
[17:45:23] [Server thread/INFO]: Saving chunks for level 'Items & Blocks Test World'/The End
[17:45:25] [Client thread/INFO]: Stopping!
[17:49:31] [main/INFO]: Setting user: Player562
[17:49:31] [main/INFO]: Setting user: Player687
