[21:16:26] [main/INFO]: Setting user: Player984
[21:16:31] [Client thread/INFO]: LWJGL Version: 2.9.0
[21:17:30] [Client thread/INFO]: Reloading ResourceManager: Default, FMLFileResourcePack:Forge Mod Loader, FMLFileResourcePack:Minecraft Forge, FMLFileResourcePack:RealAuto 2
[21:17:34] [Sound Library Loader/INFO]: Sound engine started
[21:18:06] [Client thread/ERROR]: Using missing texture, unable to load minecraft:textures/blocks/MISSING_ICON_BLOCK_165_blockWindmill.png
java.io.FileNotFoundException: minecraft:textures/blocks/MISSING_ICON_BLOCK_165_blockWindmill.png
	at net.minecraft.client.resources.FallbackResourceManager.getResource(FallbackResourceManager.java:65) ~[FallbackResourceManager.class:?]
	at net.minecraft.client.resources.SimpleReloadableResourceManager.getResource(SimpleReloadableResourceManager.java:67) ~[SimpleReloadableResourceManager.class:?]
	at net.minecraft.client.renderer.texture.TextureMap.loadTextureAtlas(TextureMap.java:126) [TextureMap.class:?]
	at net.minecraft.client.renderer.texture.TextureMap.loadTexture(TextureMap.java:91) [TextureMap.class:?]
	at net.minecraft.client.renderer.texture.TextureManager.loadTexture(TextureManager.java:89) [TextureManager.class:?]
	at net.minecraft.client.renderer.texture.TextureManager.loadTickableTexture(TextureManager.java:71) [TextureManager.class:?]
	at net.minecraft.client.renderer.texture.TextureManager.loadTextureMap(TextureManager.java:58) [TextureManager.class:?]
	at net.minecraft.client.Minecraft.startGame(Minecraft.java:569) [Minecraft.class:?]
	at net.minecraft.client.Minecraft.run(Minecraft.java:880) [Minecraft.class:?]
	at net.minecraft.client.main.Main.main(Main.java:112) [Main.class:?]
	at sun.reflect.NativeMethodAccessorImpl.invoke0(Native Method) ~[?:1.7.0_79]
	at sun.reflect.NativeMethodAccessorImpl.invoke(NativeMethodAccessorImpl.java:57) ~[?:1.7.0_79]
	at sun.reflect.DelegatingMethodAccessorImpl.invoke(DelegatingMethodAccessorImpl.java:43) ~[?:1.7.0_79]
	at java.lang.reflect.Method.invoke(Method.java:606) ~[?:1.7.0_79]
	at net.minecraft.launchwrapper.Launch.launch(Launch.java:134) [launchwrapper-1.9.jar:?]
	at net.minecraft.launchwrapper.Launch.main(Launch.java:28) [launchwrapper-1.9.jar:?]
	at net.minecraftforge.gradle.GradleStartCommon.launch(Unknown Source) [start/:?]
	at GradleStart.main(Unknown Source) [start/:?]
	at sun.reflect.NativeMethodAccessorImpl.invoke0(Native Method) ~[?:1.7.0_79]
	at sun.reflect.NativeMethodAccessorImpl.invoke(NativeMethodAccessorImpl.java:57) ~[?:1.7.0_79]
	at sun.reflect.DelegatingMethodAccessorImpl.invoke(DelegatingMethodAccessorImpl.java:43) ~[?:1.7.0_79]
	at java.lang.reflect.Method.invoke(Method.java:606) ~[?:1.7.0_79]
	at com.intellij.rt.execution.application.AppMain.main(AppMain.java:140) [idea_rt.jar:?]
[21:18:07] [Client thread/INFO]: Created: 512x256 textures/blocks-atlas
[21:18:08] [Client thread/INFO]: Created: 256x256 textures/items-atlas
[21:18:09] [Client thread/INFO]: Reloading ResourceManager: Default, FMLFileResourcePack:Forge Mod Loader, FMLFileResourcePack:Minecraft Forge, FMLFileResourcePack:RealAuto 2
[21:18:10] [Client thread/INFO]: Created: 256x256 textures/items-atlas
[21:18:10] [Client thread/ERROR]: Using missing texture, unable to load minecraft:textures/blocks/MISSING_ICON_BLOCK_165_blockWindmill.png
java.io.FileNotFoundException: minecraft:textures/blocks/MISSING_ICON_BLOCK_165_blockWindmill.png
	at net.minecraft.client.resources.FallbackResourceManager.getResource(FallbackResourceManager.java:65) ~[FallbackResourceManager.class:?]
	at net.minecraft.client.resources.SimpleReloadableResourceManager.getResource(SimpleReloadableResourceManager.java:67) ~[SimpleReloadableResourceManager.class:?]
	at net.minecraft.client.renderer.texture.TextureMap.loadTextureAtlas(TextureMap.java:126) [TextureMap.class:?]
	at net.minecraft.client.renderer.texture.TextureMap.loadTexture(TextureMap.java:91) [TextureMap.class:?]
	at net.minecraft.client.renderer.texture.TextureManager.loadTexture(TextureManager.java:89) [TextureManager.class:?]
	at net.minecraft.client.renderer.texture.TextureManager.onResourceManagerReload(TextureManager.java:170) [TextureManager.class:?]
	at net.minecraft.client.resources.SimpleReloadableResourceManager.notifyReloadListeners(SimpleReloadableResourceManager.java:134) [SimpleReloadableResourceManager.class:?]
	at net.minecraft.client.resources.SimpleReloadableResourceManager.reloadResources(SimpleReloadableResourceManager.java:118) [SimpleReloadableResourceManager.class:?]
	at net.minecraft.client.Minecraft.refreshResources(Minecraft.java:614) [Minecraft.class:?]
	at cpw.mods.fml.client.FMLClientHandler.finishMinecraftLoading(FMLClientHandler.java:303) [FMLClientHandler.class:?]
	at net.minecraft.client.Minecraft.startGame(Minecraft.java:573) [Minecraft.class:?]
	at net.minecraft.client.Minecraft.run(Minecraft.java:880) [Minecraft.class:?]
	at net.minecraft.client.main.Main.main(Main.java:112) [Main.class:?]
	at sun.reflect.NativeMethodAccessorImpl.invoke0(Native Method) ~[?:1.7.0_79]
	at sun.reflect.NativeMethodAccessorImpl.invoke(NativeMethodAccessorImpl.java:57) ~[?:1.7.0_79]
	at sun.reflect.DelegatingMethodAccessorImpl.invoke(DelegatingMethodAccessorImpl.java:43) ~[?:1.7.0_79]
	at java.lang.reflect.Method.invoke(Method.java:606) ~[?:1.7.0_79]
	at net.minecraft.launchwrapper.Launch.launch(Launch.java:134) [launchwrapper-1.9.jar:?]
	at net.minecraft.launchwrapper.Launch.main(Launch.java:28) [launchwrapper-1.9.jar:?]
	at net.minecraftforge.gradle.GradleStartCommon.launch(Unknown Source) [start/:?]
	at GradleStart.main(Unknown Source) [start/:?]
	at sun.reflect.NativeMethodAccessorImpl.invoke0(Native Method) ~[?:1.7.0_79]
	at sun.reflect.NativeMethodAccessorImpl.invoke(NativeMethodAccessorImpl.java:57) ~[?:1.7.0_79]
	at sun.reflect.DelegatingMethodAccessorImpl.invoke(DelegatingMethodAccessorImpl.java:43) ~[?:1.7.0_79]
	at java.lang.reflect.Method.invoke(Method.java:606) ~[?:1.7.0_79]
	at com.intellij.rt.execution.application.AppMain.main(AppMain.java:140) [idea_rt.jar:?]
[21:18:10] [Client thread/INFO]: Created: 512x256 textures/blocks-atlas
[21:18:11] [Sound Library Loader/INFO]: Sound engine started
[21:18:24] [MCO Availability Checker #1/ERROR]: Couldn't connect to Realms
[21:18:25] [Server thread/INFO]: Starting integrated minecraft server version 1.7.2
[21:18:25] [Server thread/INFO]: Generating keypair
[21:18:27] [Server thread/INFO]: Preparing start region for level 0
[21:18:28] [Server thread/INFO]: Preparing spawn area: 0%
[21:18:30] [Server thread/INFO]: Preparing spawn area: 3%
[21:18:31] [Server thread/INFO]: Preparing spawn area: 15%
[21:18:33] [Server thread/INFO]: Preparing spawn area: 34%
[21:18:34] [Server thread/INFO]: Preparing spawn area: 67%
[21:18:36] [Server thread/INFO]: Player984[local:E:aef5870c] logged in with entity id 266 at (-114.66765708123523, 64.82299147155743, 272.8275853297105)
[21:18:36] [Server thread/INFO]: Player984 joined the game
[21:18:37] [Server thread/WARN]: Can't keep up! Did the system time change, or is the server overloaded? Running 2017ms behind, skipping 40 tick(s)
[21:18:39] [Server thread/INFO]: Saving and pausing game...
[21:18:40] [Server thread/INFO]: Saving chunks for level 'New World'/Overworld
[21:18:41] [Server thread/INFO]: Saving chunks for level 'New World'/Nether
[21:18:41] [Server thread/INFO]: Saving chunks for level 'New World'/The End
[21:19:14] [Client thread/INFO]: Warning: Clientside chunk ticking took 446 ms
[21:19:15] [Client thread/INFO]: Warning: Clientside chunk ticking took 169 ms
[21:19:15] [Client thread/INFO]: Warning: Clientside chunk ticking took 103 ms
[21:19:18] [Server thread/INFO]: [Player984: Set own game mode to Creative Mode]
[21:19:19] [Client thread/INFO]: [CHAT] Your game mode has been updated
[21:19:21] [Server thread/INFO]: Player984 has just earned the achievement [Taking Inventory]
[21:19:23] [Client thread/INFO]: [CHAT] Player984 has just earned the achievement [Taking Inventory]
[21:20:05] [Server thread/INFO]: [Player984: Set own game mode to Survival Mode]
[21:20:05] [Client thread/INFO]: [CHAT] Your game mode has been updated
[21:20:25] [Server thread/INFO]: Saving and pausing game...
[21:20:25] [Server thread/INFO]: Saving chunks for level 'New World'/Overworld
[21:20:25] [Server thread/INFO]: Saving chunks for level 'New World'/Nether
[21:20:25] [Server thread/INFO]: Saving chunks for level 'New World'/The End
[21:20:28] [Client thread/INFO]: Stopping!
[21:20:28] [Server thread/INFO]: Stopping server
[21:20:28] [Server thread/INFO]: Saving players
[21:20:28] [Server thread/INFO]: Saving worlds
[21:20:28] [Server thread/INFO]: Saving chunks for level 'New World'/Overworld
[21:20:28] [Server thread/INFO]: Saving chunks for level 'New World'/Nether
[21:20:28] [Server thread/INFO]: Saving chunks for level 'New World'/The End
[21:20:28] [Client Shutdown Thread/INFO]: Stopping server
[21:20:28] [Client Shutdown Thread/INFO]: Saving players
[21:20:28] [Client Shutdown Thread/INFO]: Saving worlds
[21:20:28] [Client Shutdown Thread/INFO]: Saving chunks for level 'New World'/Overworld
